2022-12-14 09:53:35.704 [background-preinit] INFO  o.h.v.internal.util.Version(21) -  HV000001: Hibernate Validator 8.0.0.Final
2022-12-14 09:53:35.757 [restartedMain] INFO  com.dev.reportgenerator.Main(51) -  Starting Main using Java 18.0.2 with PID 9608 (C:\Users\Administrator\Desktop\report-generator\target\classes started by Administrator in C:\Users\Administrator\Desktop\report-generator)
2022-12-14 09:53:35.757 [restartedMain] INFO  com.dev.reportgenerator.Main(630) -  No active profile set, falling back to 1 default profile: "default"
2022-12-14 09:53:35.813 [restartedMain] INFO  o.s.b.d.e.DevToolsPropertyDefaultsPostProcessor(250) -  Devtools property defaults active! Set 'spring.devtools.add-properties' to 'false' to disable
2022-12-14 09:53:35.813 [restartedMain] INFO  o.s.b.d.e.DevToolsPropertyDefaultsPostProcessor(250) -  For additional web related logging consider setting the 'logging.level.web' property to 'DEBUG'
2022-12-14 09:53:37.128 [restartedMain] INFO  o.s.d.r.c.RepositoryConfigurationDelegate(138) -  Bootstrapping Spring Data JPA repositories in DEFAULT mode.
2022-12-14 09:53:37.213 [restartedMain] INFO  o.s.d.r.c.RepositoryConfigurationDelegate(208) -  Finished Spring Data repository scanning in 69 ms. Found 2 JPA repository interfaces.
2022-12-14 09:53:38.015 [restartedMain] INFO  o.s.b.w.e.t.TomcatWebServer(114) -  Tomcat initialized with port(s): 8080 (http)
2022-12-14 09:53:38.015 [restartedMain] INFO  o.a.c.http11.Http11NioProtocol(173) -  Initializing ProtocolHandler ["http-nio-8080"]
2022-12-14 09:53:38.015 [restartedMain] INFO  o.a.c.core.StandardService(173) -  Starting service [Tomcat]
2022-12-14 09:53:38.015 [restartedMain] INFO  o.a.c.core.StandardEngine(173) -  Starting Servlet engine: [Apache Tomcat/10.1.1]
2022-12-14 09:53:38.099 [restartedMain] INFO  o.a.c.c.C.[.[localhost].[/](173) -  Initializing Spring embedded WebApplicationContext
2022-12-14 09:53:38.099 [restartedMain] INFO  o.s.b.w.s.c.ServletWebServerApplicationContext(291) -  Root WebApplicationContext: initialization completed in 2286 ms
2022-12-14 09:53:38.300 [restartedMain] INFO  o.f.c.i.license.VersionPrinter(37) -  Flyway Community Edition 9.5.1 by Redgate
2022-12-14 09:53:38.300 [restartedMain] INFO  o.f.c.i.license.VersionPrinter(37) -  See what's new here: https://flywaydb.org/documentation/learnmore/releaseNotes#9.5.1
2022-12-14 09:53:38.300 [restartedMain] INFO  o.f.c.i.license.VersionPrinter(37) -  
2022-12-14 09:53:38.316 [restartedMain] INFO  o.f.c.i.r.ResourceNameValidator(37) -  1 SQL migrations were detected but not run because they did not follow the filename convention.
2022-12-14 09:53:38.316 [restartedMain] INFO  o.f.c.i.r.ResourceNameValidator(37) -  If this is in error, enable debug logging or 'validateMigrationNaming' to fail fast and see a list of the invalid file names.
2022-12-14 09:53:38.316 [restartedMain] INFO  c.z.hikari.HikariDataSource(110) -  HikariPool-1 - Starting...
2022-12-14 09:53:38.547 [restartedMain] INFO  c.z.hikari.pool.HikariPool(565) -  HikariPool-1 - Added connection com.mysql.cj.jdbc.ConnectionImpl@3f81262b
2022-12-14 09:53:38.547 [restartedMain] INFO  c.z.hikari.HikariDataSource(123) -  HikariPool-1 - Start completed.
2022-12-14 09:53:38.563 [restartedMain] INFO  o.f.c.i.d.b.BaseDatabaseType(37) -  Database: jdbc:mysql://localhost:3306/report_generator (MySQL 5.5)
2022-12-14 09:53:38.755 [restartedMain] INFO  o.f.c.i.command.DbValidate(37) -  Successfully validated 2 migrations (execution time 00:00.068s)
2022-12-14 09:53:38.786 [restartedMain] INFO  o.f.c.i.command.DbMigrate(37) -  Current version of schema `public`: null
2022-12-14 09:53:38.817 [restartedMain] INFO  o.f.c.i.command.DbMigrate(37) -  Migrating schema `public` to version "20221213213711 - create table"
2022-12-14 09:53:38.933 [restartedMain] INFO  o.f.c.i.command.DbMigrate(37) -  Successfully applied 1 migration to schema `public`, now at version v20221213213711 (execution time 00:00.154s)
2022-12-14 09:53:39.065 [restartedMain] INFO  o.h.j.internal.util.LogHelper(31) -  HHH000204: Processing PersistenceUnitInfo [name: default]
2022-12-14 09:53:39.149 [restartedMain] INFO  org.hibernate.Version(44) -  HHH000412: Hibernate ORM core version 6.1.5.Final
2022-12-14 09:53:39.365 [restartedMain] WARN  org.hibernate.orm.deprecation(626) -  HHH90000021: Encountered deprecated setting [javax.persistence.sharedCache.mode], use [jakarta.persistence.sharedCache.mode] instead
2022-12-14 09:53:39.519 [restartedMain] INFO  SQL dialect(66) -  HHH000400: Using dialect: org.hibernate.dialect.MySQLDialect
2022-12-14 09:53:40.237 [restartedMain] INFO  o.h.e.t.j.p.i.JtaPlatformInitiator(51) -  HHH000490: Using JtaPlatform implementation: [org.hibernate.engine.transaction.jta.platform.internal.NoJtaPlatform]
2022-12-14 09:53:40.252 [restartedMain] INFO  o.s.o.j.LocalContainerEntityManagerFactoryBean(437) -  Initialized JPA EntityManagerFactory for persistence unit 'default'
2022-12-14 09:53:41.170 [restartedMain] WARN  o.s.b.a.o.j.JpaBaseConfiguration$JpaWebConfiguration(227) -  spring.jpa.open-in-view is enabled by default. Therefore, database queries may be performed during view rendering. Explicitly configure spring.jpa.open-in-view to disable this warning
2022-12-14 09:53:41.609 [restartedMain] INFO  o.s.b.d.a.OptionalLiveReloadServer(59) -  LiveReload server is running on port 35729
2022-12-14 09:53:41.640 [restartedMain] INFO  o.a.c.http11.Http11NioProtocol(173) -  Starting ProtocolHandler ["http-nio-8080"]
2022-12-14 09:53:41.656 [restartedMain] INFO  o.s.b.w.e.t.TomcatWebServer(226) -  Tomcat started on port(s): 8080 (http) with context path ''
2022-12-14 09:53:41.672 [restartedMain] INFO  com.dev.reportgenerator.Main(57) -  Started Main in 6.345 seconds (process running for 10.944)
2022-12-14 09:54:06.617 [http-nio-8080-exec-1] INFO  o.a.c.c.C.[.[localhost].[/](173) -  Initializing Spring DispatcherServlet 'dispatcherServlet'
2022-12-14 09:54:06.618 [http-nio-8080-exec-1] INFO  o.s.w.s.DispatcherServlet(525) -  Initializing Servlet 'dispatcherServlet'
2022-12-14 09:54:06.620 [http-nio-8080-exec-1] INFO  o.s.w.s.DispatcherServlet(547) -  Completed initialization in 2 ms
2022-12-14 09:55:28.763 [SpringApplicationShutdownHook] INFO  o.s.o.j.LocalContainerEntityManagerFactoryBean(650) -  Closing JPA EntityManagerFactory for persistence unit 'default'
2022-12-14 09:55:28.763 [SpringApplicationShutdownHook] INFO  c.z.hikari.HikariDataSource(350) -  HikariPool-1 - Shutdown initiated...
2022-12-14 09:55:28.779 [SpringApplicationShutdownHook] INFO  c.z.hikari.HikariDataSource(352) -  HikariPool-1 - Shutdown completed.
2022-12-14 10:11:09.200 [background-preinit] INFO  o.h.v.internal.util.Version(21) -  HV000001: Hibernate Validator 8.0.0.Final
2022-12-14 10:11:09.272 [restartedMain] INFO  com.dev.reportgenerator.Main(51) -  Starting Main using Java 18.0.2 with PID 11536 (C:\Users\Administrator\Desktop\report-generator\target\classes started by Administrator in C:\Users\Administrator\Desktop\report-generator)
2022-12-14 10:11:09.272 [restartedMain] INFO  com.dev.reportgenerator.Main(630) -  No active profile set, falling back to 1 default profile: "default"
2022-12-14 10:11:09.362 [restartedMain] INFO  o.s.b.d.e.DevToolsPropertyDefaultsPostProcessor(250) -  Devtools property defaults active! Set 'spring.devtools.add-properties' to 'false' to disable
2022-12-14 10:11:09.362 [restartedMain] INFO  o.s.b.d.e.DevToolsPropertyDefaultsPostProcessor(250) -  For additional web related logging consider setting the 'logging.level.web' property to 'DEBUG'
2022-12-14 10:11:10.582 [restartedMain] INFO  o.s.d.r.c.RepositoryConfigurationDelegate(138) -  Bootstrapping Spring Data JPA repositories in DEFAULT mode.
2022-12-14 10:11:10.660 [restartedMain] INFO  o.s.d.r.c.RepositoryConfigurationDelegate(208) -  Finished Spring Data repository scanning in 65 ms. Found 2 JPA repository interfaces.
2022-12-14 10:11:11.406 [restartedMain] INFO  o.s.b.w.e.t.TomcatWebServer(114) -  Tomcat initialized with port(s): 8080 (http)
2022-12-14 10:11:11.424 [restartedMain] INFO  o.a.c.http11.Http11NioProtocol(173) -  Initializing ProtocolHandler ["http-nio-8080"]
2022-12-14 10:11:11.426 [restartedMain] INFO  o.a.c.core.StandardService(173) -  Starting service [Tomcat]
2022-12-14 10:11:11.426 [restartedMain] INFO  o.a.c.core.StandardEngine(173) -  Starting Servlet engine: [Apache Tomcat/10.1.1]
2022-12-14 10:11:11.517 [restartedMain] INFO  o.a.c.c.C.[.[localhost].[/](173) -  Initializing Spring embedded WebApplicationContext
2022-12-14 10:11:11.517 [restartedMain] INFO  o.s.b.w.s.c.ServletWebServerApplicationContext(291) -  Root WebApplicationContext: initialization completed in 2152 ms
2022-12-14 10:11:11.708 [restartedMain] INFO  o.f.c.i.license.VersionPrinter(37) -  Flyway Community Edition 9.5.1 by Redgate
2022-12-14 10:11:11.708 [restartedMain] INFO  o.f.c.i.license.VersionPrinter(37) -  See what's new here: https://flywaydb.org/documentation/learnmore/releaseNotes#9.5.1
2022-12-14 10:11:11.708 [restartedMain] INFO  o.f.c.i.license.VersionPrinter(37) -  
2022-12-14 10:11:11.723 [restartedMain] INFO  o.f.c.i.r.ResourceNameValidator(37) -  1 SQL migrations were detected but not run because they did not follow the filename convention.
2022-12-14 10:11:11.723 [restartedMain] INFO  o.f.c.i.r.ResourceNameValidator(37) -  If this is in error, enable debug logging or 'validateMigrationNaming' to fail fast and see a list of the invalid file names.
2022-12-14 10:11:11.739 [restartedMain] INFO  c.z.hikari.HikariDataSource(110) -  HikariPool-1 - Starting...
2022-12-14 10:11:11.924 [restartedMain] INFO  c.z.hikari.pool.HikariPool(565) -  HikariPool-1 - Added connection com.mysql.cj.jdbc.ConnectionImpl@1651879a
2022-12-14 10:11:11.924 [restartedMain] INFO  c.z.hikari.HikariDataSource(123) -  HikariPool-1 - Start completed.
2022-12-14 10:11:11.946 [restartedMain] INFO  o.f.c.i.d.b.BaseDatabaseType(37) -  Database: jdbc:mysql://localhost:3306/report_generator (MySQL 5.5)
2022-12-14 10:11:12.062 [restartedMain] INFO  o.f.c.i.command.DbValidate(37) -  Successfully validated 2 migrations (execution time 00:00.037s)
2022-12-14 10:11:12.077 [restartedMain] INFO  o.f.c.i.command.DbMigrate(37) -  Current version of schema `public`: 20221213213711
2022-12-14 10:11:12.077 [restartedMain] INFO  o.f.c.i.command.DbMigrate(37) -  Schema `public` is up to date. No migration necessary.
2022-12-14 10:11:12.178 [restartedMain] INFO  o.h.j.internal.util.LogHelper(31) -  HHH000204: Processing PersistenceUnitInfo [name: default]
2022-12-14 10:11:12.246 [restartedMain] INFO  org.hibernate.Version(44) -  HHH000412: Hibernate ORM core version 6.1.5.Final
2022-12-14 10:11:12.447 [restartedMain] WARN  org.hibernate.orm.deprecation(626) -  HHH90000021: Encountered deprecated setting [javax.persistence.sharedCache.mode], use [jakarta.persistence.sharedCache.mode] instead
2022-12-14 10:11:12.610 [restartedMain] INFO  SQL dialect(66) -  HHH000400: Using dialect: org.hibernate.dialect.MySQLDialect
2022-12-14 10:11:13.449 [restartedMain] INFO  o.h.e.t.j.p.i.JtaPlatformInitiator(51) -  HHH000490: Using JtaPlatform implementation: [org.hibernate.engine.transaction.jta.platform.internal.NoJtaPlatform]
2022-12-14 10:11:13.465 [restartedMain] INFO  o.s.o.j.LocalContainerEntityManagerFactoryBean(437) -  Initialized JPA EntityManagerFactory for persistence unit 'default'
2022-12-14 10:11:14.314 [restartedMain] WARN  o.s.b.a.o.j.JpaBaseConfiguration$JpaWebConfiguration(227) -  spring.jpa.open-in-view is enabled by default. Therefore, database queries may be performed during view rendering. Explicitly configure spring.jpa.open-in-view to disable this warning
2022-12-14 10:11:14.768 [restartedMain] INFO  o.s.b.d.a.OptionalLiveReloadServer(59) -  LiveReload server is running on port 35729
2022-12-14 10:11:14.800 [restartedMain] INFO  o.a.c.http11.Http11NioProtocol(173) -  Starting ProtocolHandler ["http-nio-8080"]
2022-12-14 10:11:14.831 [restartedMain] INFO  o.s.b.w.e.t.TomcatWebServer(226) -  Tomcat started on port(s): 8080 (http) with context path ''
2022-12-14 10:11:14.831 [restartedMain] INFO  com.dev.reportgenerator.Main(57) -  Started Main in 6.129 seconds (process running for 9.344)
2022-12-14 10:11:21.382 [http-nio-8080-exec-2] INFO  o.a.c.c.C.[.[localhost].[/](173) -  Initializing Spring DispatcherServlet 'dispatcherServlet'
2022-12-14 10:11:21.383 [http-nio-8080-exec-2] INFO  o.s.w.s.DispatcherServlet(525) -  Initializing Servlet 'dispatcherServlet'
2022-12-14 10:11:21.386 [http-nio-8080-exec-2] INFO  o.s.w.s.DispatcherServlet(547) -  Completed initialization in 2 ms
2022-12-14 10:11:21.684 [http-nio-8080-exec-2] WARN  c.d.r.s.I.SummaryMonthlyServiceIplm(57) -  2022-05-01
2022-12-14 10:11:21.685 [http-nio-8080-exec-2] WARN  c.d.r.s.I.SummaryMonthlyServiceIplm(57) -  2022-06-01
2022-12-14 10:11:21.685 [http-nio-8080-exec-2] WARN  c.d.r.s.I.SummaryMonthlyServiceIplm(57) -  2022-07-01
2022-12-14 10:11:21.686 [http-nio-8080-exec-2] WARN  c.d.r.s.I.SummaryMonthlyServiceIplm(57) -  2022-08-01
2022-12-14 10:11:21.686 [http-nio-8080-exec-2] WARN  c.d.r.s.I.SummaryMonthlyServiceIplm(57) -  2022-09-01
2022-12-14 10:11:21.686 [http-nio-8080-exec-2] WARN  c.d.r.s.I.SummaryMonthlyServiceIplm(57) -  2022-10-01
2022-12-14 10:11:21.686 [http-nio-8080-exec-2] WARN  c.d.r.s.I.SummaryMonthlyServiceIplm(57) -  2022-11-01
2022-12-14 10:11:21.686 [http-nio-8080-exec-2] WARN  c.d.r.s.I.SummaryMonthlyServiceIplm(57) -  2022-12-01
2022-12-14 10:11:21.686 [http-nio-8080-exec-2] WARN  c.d.r.s.I.SummaryMonthlyServiceIplm(57) -  2023-01-01
2022-12-14 10:11:21.689 [http-nio-8080-exec-2] WARN  c.d.r.s.I.SummaryMonthlyServiceIplm(57) -  2023-02-01
2022-12-14 10:11:21.690 [http-nio-8080-exec-2] WARN  c.d.r.s.I.SummaryMonthlyServiceIplm(57) -  2023-03-01
2022-12-14 10:11:21.690 [http-nio-8080-exec-2] WARN  c.d.r.s.I.SummaryMonthlyServiceIplm(57) -  2023-04-01
2022-12-14 10:11:21.690 [http-nio-8080-exec-2] WARN  c.d.r.s.I.SummaryMonthlyServiceIplm(57) -  2023-05-01
2022-12-14 10:11:21.690 [http-nio-8080-exec-2] WARN  c.d.r.s.I.SummaryMonthlyServiceIplm(57) -  2023-06-01
2022-12-14 10:11:21.691 [http-nio-8080-exec-2] WARN  c.d.r.s.I.SummaryMonthlyServiceIplm(57) -  2023-07-01
2022-12-14 10:11:21.691 [http-nio-8080-exec-2] WARN  c.d.r.s.I.SummaryMonthlyServiceIplm(57) -  2023-08-01
2022-12-14 10:11:21.691 [http-nio-8080-exec-2] WARN  c.d.r.s.I.SummaryMonthlyServiceIplm(57) -  2023-09-01
2022-12-14 10:11:21.691 [http-nio-8080-exec-2] WARN  c.d.r.s.I.SummaryMonthlyServiceIplm(57) -  2023-10-01
2022-12-14 10:11:21.692 [http-nio-8080-exec-2] WARN  c.d.r.s.I.SummaryMonthlyServiceIplm(57) -  2023-11-01
2022-12-14 10:11:21.692 [http-nio-8080-exec-2] WARN  c.d.r.s.I.SummaryMonthlyServiceIplm(57) -  2023-12-01
2022-12-14 10:11:41.552 [http-nio-8080-exec-3] WARN  c.d.r.s.I.SummaryMonthlyServiceIplm(57) -  2022-05-01
2022-12-14 10:11:41.553 [http-nio-8080-exec-3] WARN  c.d.r.s.I.SummaryMonthlyServiceIplm(57) -  2022-06-01
2022-12-14 10:11:41.553 [http-nio-8080-exec-3] WARN  c.d.r.s.I.SummaryMonthlyServiceIplm(57) -  2022-07-01
2022-12-14 10:11:41.553 [http-nio-8080-exec-3] WARN  c.d.r.s.I.SummaryMonthlyServiceIplm(57) -  2022-08-01
2022-12-14 10:11:41.554 [http-nio-8080-exec-3] WARN  c.d.r.s.I.SummaryMonthlyServiceIplm(57) -  2022-09-01
2022-12-14 10:11:41.554 [http-nio-8080-exec-3] WARN  c.d.r.s.I.SummaryMonthlyServiceIplm(57) -  2022-10-01
2022-12-14 10:11:41.554 [http-nio-8080-exec-3] WARN  c.d.r.s.I.SummaryMonthlyServiceIplm(57) -  2022-11-01
2022-12-14 10:11:41.557 [http-nio-8080-exec-3] WARN  c.d.r.s.I.SummaryMonthlyServiceIplm(57) -  2022-12-01
2022-12-14 10:11:41.557 [http-nio-8080-exec-3] WARN  c.d.r.s.I.SummaryMonthlyServiceIplm(57) -  2023-01-01
2022-12-14 10:11:41.557 [http-nio-8080-exec-3] WARN  c.d.r.s.I.SummaryMonthlyServiceIplm(57) -  2023-02-01
2022-12-14 10:11:41.558 [http-nio-8080-exec-3] WARN  c.d.r.s.I.SummaryMonthlyServiceIplm(57) -  2023-03-01
2022-12-14 10:11:41.558 [http-nio-8080-exec-3] WARN  c.d.r.s.I.SummaryMonthlyServiceIplm(57) -  2023-04-01
2022-12-14 10:11:41.558 [http-nio-8080-exec-3] WARN  c.d.r.s.I.SummaryMonthlyServiceIplm(57) -  2023-05-01
2022-12-14 10:11:41.559 [http-nio-8080-exec-3] WARN  c.d.r.s.I.SummaryMonthlyServiceIplm(57) -  2023-06-01
2022-12-14 10:11:41.559 [http-nio-8080-exec-3] WARN  c.d.r.s.I.SummaryMonthlyServiceIplm(57) -  2023-07-01
2022-12-14 10:11:41.559 [http-nio-8080-exec-3] WARN  c.d.r.s.I.SummaryMonthlyServiceIplm(57) -  2023-08-01
2022-12-14 10:11:41.559 [http-nio-8080-exec-3] WARN  c.d.r.s.I.SummaryMonthlyServiceIplm(57) -  2023-09-01
2022-12-14 10:11:41.560 [http-nio-8080-exec-3] WARN  c.d.r.s.I.SummaryMonthlyServiceIplm(57) -  2023-10-01
2022-12-14 10:11:41.560 [http-nio-8080-exec-3] WARN  c.d.r.s.I.SummaryMonthlyServiceIplm(57) -  2023-11-01
2022-12-14 10:11:41.560 [http-nio-8080-exec-3] WARN  c.d.r.s.I.SummaryMonthlyServiceIplm(57) -  2023-12-01
2022-12-14 10:11:54.598 [http-nio-8080-exec-4] WARN  c.d.r.s.I.SummaryMonthlyServiceIplm(57) -  2022-09-01
2022-12-14 10:11:54.599 [http-nio-8080-exec-4] WARN  c.d.r.s.I.SummaryMonthlyServiceIplm(57) -  2022-10-01
2022-12-14 10:11:54.599 [http-nio-8080-exec-4] WARN  c.d.r.s.I.SummaryMonthlyServiceIplm(57) -  2022-11-01
2022-12-14 10:11:54.599 [http-nio-8080-exec-4] WARN  c.d.r.s.I.SummaryMonthlyServiceIplm(57) -  2022-12-01
2022-12-14 10:11:54.600 [http-nio-8080-exec-4] WARN  c.d.r.s.I.SummaryMonthlyServiceIplm(57) -  2023-01-01
2022-12-14 10:11:54.600 [http-nio-8080-exec-4] WARN  c.d.r.s.I.SummaryMonthlyServiceIplm(57) -  2023-02-01
2022-12-14 10:11:54.600 [http-nio-8080-exec-4] WARN  c.d.r.s.I.SummaryMonthlyServiceIplm(57) -  2023-03-01
2022-12-14 10:11:54.600 [http-nio-8080-exec-4] WARN  c.d.r.s.I.SummaryMonthlyServiceIplm(57) -  2023-04-01
2022-12-14 10:11:54.601 [http-nio-8080-exec-4] WARN  c.d.r.s.I.SummaryMonthlyServiceIplm(57) -  2023-05-01
2022-12-14 10:11:54.601 [http-nio-8080-exec-4] WARN  c.d.r.s.I.SummaryMonthlyServiceIplm(57) -  2023-06-01
2022-12-14 10:11:54.601 [http-nio-8080-exec-4] WARN  c.d.r.s.I.SummaryMonthlyServiceIplm(57) -  2023-07-01
2022-12-14 10:11:54.601 [http-nio-8080-exec-4] WARN  c.d.r.s.I.SummaryMonthlyServiceIplm(57) -  2023-08-01
2022-12-14 10:11:54.601 [http-nio-8080-exec-4] WARN  c.d.r.s.I.SummaryMonthlyServiceIplm(57) -  2023-09-01
2022-12-14 10:11:54.602 [http-nio-8080-exec-4] WARN  c.d.r.s.I.SummaryMonthlyServiceIplm(57) -  2023-10-01
2022-12-14 10:11:54.602 [http-nio-8080-exec-4] WARN  c.d.r.s.I.SummaryMonthlyServiceIplm(57) -  2023-11-01
2022-12-14 10:11:54.602 [http-nio-8080-exec-4] WARN  c.d.r.s.I.SummaryMonthlyServiceIplm(57) -  2023-12-01
2022-12-14 10:12:02.116 [SpringApplicationShutdownHook] INFO  o.s.o.j.LocalContainerEntityManagerFactoryBean(650) -  Closing JPA EntityManagerFactory for persistence unit 'default'
2022-12-14 10:12:02.131 [SpringApplicationShutdownHook] INFO  c.z.hikari.HikariDataSource(350) -  HikariPool-1 - Shutdown initiated...
2022-12-14 10:12:02.138 [SpringApplicationShutdownHook] INFO  c.z.hikari.HikariDataSource(352) -  HikariPool-1 - Shutdown completed.
2022-12-14 10:13:26.129 [background-preinit] INFO  o.h.v.internal.util.Version(21) -  HV000001: Hibernate Validator 8.0.0.Final
2022-12-14 10:13:26.188 [restartedMain] INFO  com.dev.reportgenerator.Main(51) -  Starting Main using Java 18.0.2 with PID 6572 (C:\Users\Administrator\Desktop\report-generator\target\classes started by Administrator in C:\Users\Administrator\Desktop\report-generator)
2022-12-14 10:13:26.188 [restartedMain] INFO  com.dev.reportgenerator.Main(630) -  No active profile set, falling back to 1 default profile: "default"
2022-12-14 10:13:26.260 [restartedMain] INFO  o.s.b.d.e.DevToolsPropertyDefaultsPostProcessor(250) -  Devtools property defaults active! Set 'spring.devtools.add-properties' to 'false' to disable
2022-12-14 10:13:26.260 [restartedMain] INFO  o.s.b.d.e.DevToolsPropertyDefaultsPostProcessor(250) -  For additional web related logging consider setting the 'logging.level.web' property to 'DEBUG'
2022-12-14 10:13:27.484 [restartedMain] INFO  o.s.d.r.c.RepositoryConfigurationDelegate(138) -  Bootstrapping Spring Data JPA repositories in DEFAULT mode.
2022-12-14 10:13:27.572 [restartedMain] INFO  o.s.d.r.c.RepositoryConfigurationDelegate(208) -  Finished Spring Data repository scanning in 73 ms. Found 2 JPA repository interfaces.
2022-12-14 10:13:28.301 [restartedMain] INFO  o.s.b.w.e.t.TomcatWebServer(114) -  Tomcat initialized with port(s): 8080 (http)
2022-12-14 10:13:28.317 [restartedMain] INFO  o.a.c.http11.Http11NioProtocol(173) -  Initializing ProtocolHandler ["http-nio-8080"]
2022-12-14 10:13:28.317 [restartedMain] INFO  o.a.c.core.StandardService(173) -  Starting service [Tomcat]
2022-12-14 10:13:28.332 [restartedMain] INFO  o.a.c.core.StandardEngine(173) -  Starting Servlet engine: [Apache Tomcat/10.1.1]
2022-12-14 10:13:28.401 [restartedMain] INFO  o.a.c.c.C.[.[localhost].[/](173) -  Initializing Spring embedded WebApplicationContext
2022-12-14 10:13:28.401 [restartedMain] INFO  o.s.b.w.s.c.ServletWebServerApplicationContext(291) -  Root WebApplicationContext: initialization completed in 2141 ms
2022-12-14 10:13:28.618 [restartedMain] INFO  o.f.c.i.license.VersionPrinter(37) -  Flyway Community Edition 9.5.1 by Redgate
2022-12-14 10:13:28.618 [restartedMain] INFO  o.f.c.i.license.VersionPrinter(37) -  See what's new here: https://flywaydb.org/documentation/learnmore/releaseNotes#9.5.1
2022-12-14 10:13:28.618 [restartedMain] INFO  o.f.c.i.license.VersionPrinter(37) -  
2022-12-14 10:13:28.618 [restartedMain] INFO  o.f.c.i.r.ResourceNameValidator(37) -  1 SQL migrations were detected but not run because they did not follow the filename convention.
2022-12-14 10:13:28.618 [restartedMain] INFO  o.f.c.i.r.ResourceNameValidator(37) -  If this is in error, enable debug logging or 'validateMigrationNaming' to fail fast and see a list of the invalid file names.
2022-12-14 10:13:28.633 [restartedMain] INFO  c.z.hikari.HikariDataSource(110) -  HikariPool-1 - Starting...
2022-12-14 10:13:28.771 [restartedMain] INFO  c.z.hikari.pool.HikariPool(565) -  HikariPool-1 - Added connection com.mysql.cj.jdbc.ConnectionImpl@979c7d4
2022-12-14 10:13:28.771 [restartedMain] INFO  c.z.hikari.HikariDataSource(123) -  HikariPool-1 - Start completed.
2022-12-14 10:13:28.787 [restartedMain] INFO  o.f.c.i.d.b.BaseDatabaseType(37) -  Database: jdbc:mysql://localhost:3306/report_generator (MySQL 5.5)
2022-12-14 10:13:28.887 [restartedMain] INFO  o.f.c.i.command.DbValidate(37) -  Successfully validated 2 migrations (execution time 00:00.024s)
2022-12-14 10:13:28.905 [restartedMain] INFO  o.f.c.i.command.DbMigrate(37) -  Current version of schema `public`: 20221213213711
2022-12-14 10:13:28.905 [restartedMain] INFO  o.f.c.i.command.DbMigrate(37) -  Schema `public` is up to date. No migration necessary.
2022-12-14 10:13:29.003 [restartedMain] INFO  o.h.j.internal.util.LogHelper(31) -  HHH000204: Processing PersistenceUnitInfo [name: default]
2022-12-14 10:13:29.088 [restartedMain] INFO  org.hibernate.Version(44) -  HHH000412: Hibernate ORM core version 6.1.5.Final
2022-12-14 10:13:29.288 [restartedMain] WARN  org.hibernate.orm.deprecation(626) -  HHH90000021: Encountered deprecated setting [javax.persistence.sharedCache.mode], use [jakarta.persistence.sharedCache.mode] instead
2022-12-14 10:13:29.562 [restartedMain] INFO  SQL dialect(66) -  HHH000400: Using dialect: org.hibernate.dialect.MySQLDialect
2022-12-14 10:13:30.377 [restartedMain] INFO  o.h.e.t.j.p.i.JtaPlatformInitiator(51) -  HHH000490: Using JtaPlatform implementation: [org.hibernate.engine.transaction.jta.platform.internal.NoJtaPlatform]
2022-12-14 10:13:30.393 [restartedMain] INFO  o.s.o.j.LocalContainerEntityManagerFactoryBean(437) -  Initialized JPA EntityManagerFactory for persistence unit 'default'
2022-12-14 10:13:31.269 [restartedMain] WARN  o.s.b.a.o.j.JpaBaseConfiguration$JpaWebConfiguration(227) -  spring.jpa.open-in-view is enabled by default. Therefore, database queries may be performed during view rendering. Explicitly configure spring.jpa.open-in-view to disable this warning
2022-12-14 10:13:31.686 [restartedMain] INFO  o.s.b.d.a.OptionalLiveReloadServer(59) -  LiveReload server is running on port 35729
2022-12-14 10:13:31.717 [restartedMain] INFO  o.a.c.http11.Http11NioProtocol(173) -  Starting ProtocolHandler ["http-nio-8080"]
2022-12-14 10:13:31.755 [restartedMain] INFO  o.s.b.w.e.t.TomcatWebServer(226) -  Tomcat started on port(s): 8080 (http) with context path ''
2022-12-14 10:13:31.770 [restartedMain] INFO  com.dev.reportgenerator.Main(57) -  Started Main in 6.361 seconds (process running for 8.034)
2022-12-14 10:13:49.670 [http-nio-8080-exec-2] INFO  o.a.c.c.C.[.[localhost].[/](173) -  Initializing Spring DispatcherServlet 'dispatcherServlet'
2022-12-14 10:13:49.671 [http-nio-8080-exec-2] INFO  o.s.w.s.DispatcherServlet(525) -  Initializing Servlet 'dispatcherServlet'
2022-12-14 10:13:49.673 [http-nio-8080-exec-2] INFO  o.s.w.s.DispatcherServlet(547) -  Completed initialization in 2 ms
2022-12-14 10:13:49.937 [http-nio-8080-exec-2] WARN  c.d.r.s.I.SummaryMonthlyServiceIplm(57) -  1
2022-12-14 10:13:49.938 [http-nio-8080-exec-2] WARN  c.d.r.s.I.SummaryMonthlyServiceIplm(57) -  1
2022-12-14 10:13:49.938 [http-nio-8080-exec-2] WARN  c.d.r.s.I.SummaryMonthlyServiceIplm(57) -  1
2022-12-14 10:13:49.939 [http-nio-8080-exec-2] WARN  c.d.r.s.I.SummaryMonthlyServiceIplm(57) -  1
2022-12-14 10:13:49.940 [http-nio-8080-exec-2] WARN  c.d.r.s.I.SummaryMonthlyServiceIplm(57) -  1
2022-12-14 10:13:49.943 [http-nio-8080-exec-2] WARN  c.d.r.s.I.SummaryMonthlyServiceIplm(57) -  1
2022-12-14 10:13:49.945 [http-nio-8080-exec-2] WARN  c.d.r.s.I.SummaryMonthlyServiceIplm(57) -  1
2022-12-14 10:13:49.946 [http-nio-8080-exec-2] WARN  c.d.r.s.I.SummaryMonthlyServiceIplm(57) -  1
2022-12-14 10:13:49.946 [http-nio-8080-exec-2] WARN  c.d.r.s.I.SummaryMonthlyServiceIplm(57) -  1
2022-12-14 10:13:49.947 [http-nio-8080-exec-2] WARN  c.d.r.s.I.SummaryMonthlyServiceIplm(57) -  1
2022-12-14 10:13:49.947 [http-nio-8080-exec-2] WARN  c.d.r.s.I.SummaryMonthlyServiceIplm(57) -  1
2022-12-14 10:13:49.948 [http-nio-8080-exec-2] WARN  c.d.r.s.I.SummaryMonthlyServiceIplm(57) -  1
2022-12-14 10:13:49.948 [http-nio-8080-exec-2] WARN  c.d.r.s.I.SummaryMonthlyServiceIplm(57) -  1
2022-12-14 10:13:49.948 [http-nio-8080-exec-2] WARN  c.d.r.s.I.SummaryMonthlyServiceIplm(57) -  1
2022-12-14 10:13:49.949 [http-nio-8080-exec-2] WARN  c.d.r.s.I.SummaryMonthlyServiceIplm(57) -  1
2022-12-14 10:13:49.949 [http-nio-8080-exec-2] WARN  c.d.r.s.I.SummaryMonthlyServiceIplm(57) -  1
2022-12-14 10:14:10.421 [SpringApplicationShutdownHook] INFO  o.s.o.j.LocalContainerEntityManagerFactoryBean(650) -  Closing JPA EntityManagerFactory for persistence unit 'default'
2022-12-14 10:14:10.437 [SpringApplicationShutdownHook] INFO  c.z.hikari.HikariDataSource(350) -  HikariPool-1 - Shutdown initiated...
2022-12-14 10:14:10.444 [SpringApplicationShutdownHook] INFO  c.z.hikari.HikariDataSource(352) -  HikariPool-1 - Shutdown completed.
2022-12-14 10:16:53.918 [background-preinit] INFO  o.h.v.internal.util.Version(21) -  HV000001: Hibernate Validator 8.0.0.Final
2022-12-14 10:16:53.968 [restartedMain] INFO  com.dev.reportgenerator.Main(51) -  Starting Main using Java 18.0.2 with PID 13756 (C:\Users\Administrator\Desktop\report-generator\target\classes started by Administrator in C:\Users\Administrator\Desktop\report-generator)
2022-12-14 10:16:53.968 [restartedMain] INFO  com.dev.reportgenerator.Main(630) -  No active profile set, falling back to 1 default profile: "default"
2022-12-14 10:16:54.039 [restartedMain] INFO  o.s.b.d.e.DevToolsPropertyDefaultsPostProcessor(250) -  Devtools property defaults active! Set 'spring.devtools.add-properties' to 'false' to disable
2022-12-14 10:16:54.039 [restartedMain] INFO  o.s.b.d.e.DevToolsPropertyDefaultsPostProcessor(250) -  For additional web related logging consider setting the 'logging.level.web' property to 'DEBUG'
2022-12-14 10:16:55.130 [restartedMain] INFO  o.s.d.r.c.RepositoryConfigurationDelegate(138) -  Bootstrapping Spring Data JPA repositories in DEFAULT mode.
2022-12-14 10:16:55.215 [restartedMain] INFO  o.s.d.r.c.RepositoryConfigurationDelegate(208) -  Finished Spring Data repository scanning in 73 ms. Found 2 JPA repository interfaces.
2022-12-14 10:16:55.977 [restartedMain] INFO  o.s.b.w.e.t.TomcatWebServer(114) -  Tomcat initialized with port(s): 8080 (http)
2022-12-14 10:16:55.993 [restartedMain] INFO  o.a.c.http11.Http11NioProtocol(173) -  Initializing ProtocolHandler ["http-nio-8080"]
2022-12-14 10:16:55.993 [restartedMain] INFO  o.a.c.core.StandardService(173) -  Starting service [Tomcat]
2022-12-14 10:16:55.993 [restartedMain] INFO  o.a.c.core.StandardEngine(173) -  Starting Servlet engine: [Apache Tomcat/10.1.1]
2022-12-14 10:16:56.077 [restartedMain] INFO  o.a.c.c.C.[.[localhost].[/](173) -  Initializing Spring embedded WebApplicationContext
2022-12-14 10:16:56.077 [restartedMain] INFO  o.s.b.w.s.c.ServletWebServerApplicationContext(291) -  Root WebApplicationContext: initialization completed in 2038 ms
2022-12-14 10:16:56.278 [restartedMain] INFO  o.f.c.i.license.VersionPrinter(37) -  Flyway Community Edition 9.5.1 by Redgate
2022-12-14 10:16:56.294 [restartedMain] INFO  o.f.c.i.license.VersionPrinter(37) -  See what's new here: https://flywaydb.org/documentation/learnmore/releaseNotes#9.5.1
2022-12-14 10:16:56.294 [restartedMain] INFO  o.f.c.i.license.VersionPrinter(37) -  
2022-12-14 10:16:56.294 [restartedMain] INFO  o.f.c.i.r.ResourceNameValidator(37) -  1 SQL migrations were detected but not run because they did not follow the filename convention.
2022-12-14 10:16:56.294 [restartedMain] INFO  o.f.c.i.r.ResourceNameValidator(37) -  If this is in error, enable debug logging or 'validateMigrationNaming' to fail fast and see a list of the invalid file names.
2022-12-14 10:16:56.294 [restartedMain] INFO  c.z.hikari.HikariDataSource(110) -  HikariPool-1 - Starting...
2022-12-14 10:16:56.465 [restartedMain] INFO  c.z.hikari.pool.HikariPool(565) -  HikariPool-1 - Added connection com.mysql.cj.jdbc.ConnectionImpl@2d973fd4
2022-12-14 10:16:56.473 [restartedMain] INFO  c.z.hikari.HikariDataSource(123) -  HikariPool-1 - Start completed.
2022-12-14 10:16:56.485 [restartedMain] INFO  o.f.c.i.d.b.BaseDatabaseType(37) -  Database: jdbc:mysql://localhost:3306/report_generator (MySQL 5.5)
2022-12-14 10:16:56.606 [restartedMain] INFO  o.f.c.i.command.DbValidate(37) -  Successfully validated 2 migrations (execution time 00:00.034s)
2022-12-14 10:16:56.626 [restartedMain] INFO  o.f.c.i.command.DbMigrate(37) -  Current version of schema `public`: 20221213213711
2022-12-14 10:16:56.634 [restartedMain] INFO  o.f.c.i.command.DbMigrate(37) -  Schema `public` is up to date. No migration necessary.
2022-12-14 10:16:56.737 [restartedMain] INFO  o.h.j.internal.util.LogHelper(31) -  HHH000204: Processing PersistenceUnitInfo [name: default]
2022-12-14 10:16:56.806 [restartedMain] INFO  org.hibernate.Version(44) -  HHH000412: Hibernate ORM core version 6.1.5.Final
2022-12-14 10:16:57.006 [restartedMain] WARN  org.hibernate.orm.deprecation(626) -  HHH90000021: Encountered deprecated setting [javax.persistence.sharedCache.mode], use [jakarta.persistence.sharedCache.mode] instead
2022-12-14 10:16:57.159 [restartedMain] INFO  SQL dialect(66) -  HHH000400: Using dialect: org.hibernate.dialect.MySQLDialect
2022-12-14 10:16:57.989 [restartedMain] INFO  o.h.e.t.j.p.i.JtaPlatformInitiator(51) -  HHH000490: Using JtaPlatform implementation: [org.hibernate.engine.transaction.jta.platform.internal.NoJtaPlatform]
2022-12-14 10:16:58.005 [restartedMain] INFO  o.s.o.j.LocalContainerEntityManagerFactoryBean(437) -  Initialized JPA EntityManagerFactory for persistence unit 'default'
2022-12-14 10:16:58.907 [restartedMain] WARN  o.s.b.a.o.j.JpaBaseConfiguration$JpaWebConfiguration(227) -  spring.jpa.open-in-view is enabled by default. Therefore, database queries may be performed during view rendering. Explicitly configure spring.jpa.open-in-view to disable this warning
2022-12-14 10:16:59.340 [restartedMain] INFO  o.s.b.d.a.OptionalLiveReloadServer(59) -  LiveReload server is running on port 35729
2022-12-14 10:16:59.362 [restartedMain] INFO  o.a.c.http11.Http11NioProtocol(173) -  Starting ProtocolHandler ["http-nio-8080"]
2022-12-14 10:16:59.377 [restartedMain] INFO  o.s.b.w.e.t.TomcatWebServer(226) -  Tomcat started on port(s): 8080 (http) with context path ''
2022-12-14 10:16:59.393 [restartedMain] INFO  com.dev.reportgenerator.Main(57) -  Started Main in 5.936 seconds (process running for 7.987)
2022-12-14 10:17:03.026 [http-nio-8080-exec-2] INFO  o.a.c.c.C.[.[localhost].[/](173) -  Initializing Spring DispatcherServlet 'dispatcherServlet'
2022-12-14 10:17:03.026 [http-nio-8080-exec-2] INFO  o.s.w.s.DispatcherServlet(525) -  Initializing Servlet 'dispatcherServlet'
2022-12-14 10:17:03.028 [http-nio-8080-exec-2] INFO  o.s.w.s.DispatcherServlet(547) -  Completed initialization in 1 ms
2022-12-14 10:17:03.279 [http-nio-8080-exec-2] WARN  c.d.r.s.I.SummaryMonthlyServiceIplm(57) -  1
2022-12-14 10:17:03.279 [http-nio-8080-exec-2] WARN  c.d.r.s.I.SummaryMonthlyServiceIplm(57) -  1
2022-12-14 10:17:03.280 [http-nio-8080-exec-2] WARN  c.d.r.s.I.SummaryMonthlyServiceIplm(57) -  1
2022-12-14 10:17:03.280 [http-nio-8080-exec-2] WARN  c.d.r.s.I.SummaryMonthlyServiceIplm(57) -  1
2022-12-14 10:17:03.280 [http-nio-8080-exec-2] WARN  c.d.r.s.I.SummaryMonthlyServiceIplm(57) -  1
2022-12-14 10:17:03.280 [http-nio-8080-exec-2] WARN  c.d.r.s.I.SummaryMonthlyServiceIplm(57) -  1
2022-12-14 10:17:03.280 [http-nio-8080-exec-2] WARN  c.d.r.s.I.SummaryMonthlyServiceIplm(57) -  1
2022-12-14 10:17:03.280 [http-nio-8080-exec-2] WARN  c.d.r.s.I.SummaryMonthlyServiceIplm(57) -  1
2022-12-14 10:17:03.280 [http-nio-8080-exec-2] WARN  c.d.r.s.I.SummaryMonthlyServiceIplm(57) -  1
2022-12-14 10:17:03.280 [http-nio-8080-exec-2] WARN  c.d.r.s.I.SummaryMonthlyServiceIplm(57) -  1
2022-12-14 10:17:03.280 [http-nio-8080-exec-2] WARN  c.d.r.s.I.SummaryMonthlyServiceIplm(57) -  1
2022-12-14 10:17:03.280 [http-nio-8080-exec-2] WARN  c.d.r.s.I.SummaryMonthlyServiceIplm(57) -  1
2022-12-14 10:17:03.280 [http-nio-8080-exec-2] WARN  c.d.r.s.I.SummaryMonthlyServiceIplm(57) -  1
2022-12-14 10:17:03.280 [http-nio-8080-exec-2] WARN  c.d.r.s.I.SummaryMonthlyServiceIplm(57) -  1
2022-12-14 10:17:03.280 [http-nio-8080-exec-2] WARN  c.d.r.s.I.SummaryMonthlyServiceIplm(57) -  1
2022-12-14 10:17:03.280 [http-nio-8080-exec-2] WARN  c.d.r.s.I.SummaryMonthlyServiceIplm(57) -  1
2022-12-14 10:17:31.930 [SpringApplicationShutdownHook] INFO  o.s.o.j.LocalContainerEntityManagerFactoryBean(650) -  Closing JPA EntityManagerFactory for persistence unit 'default'
2022-12-14 10:17:31.952 [SpringApplicationShutdownHook] INFO  c.z.hikari.HikariDataSource(350) -  HikariPool-1 - Shutdown initiated...
2022-12-14 10:17:31.968 [SpringApplicationShutdownHook] INFO  c.z.hikari.HikariDataSource(352) -  HikariPool-1 - Shutdown completed.
2022-12-14 10:23:48.753 [background-preinit] INFO  o.h.v.internal.util.Version(21) -  HV000001: Hibernate Validator 8.0.0.Final
2022-12-14 10:23:48.813 [restartedMain] INFO  com.dev.reportgenerator.Main(51) -  Starting Main using Java 18.0.2 with PID 10524 (C:\Users\Administrator\Desktop\report-generator\target\classes started by Administrator in C:\Users\Administrator\Desktop\report-generator)
2022-12-14 10:23:48.813 [restartedMain] INFO  com.dev.reportgenerator.Main(630) -  No active profile set, falling back to 1 default profile: "default"
2022-12-14 10:23:48.888 [restartedMain] INFO  o.s.b.d.e.DevToolsPropertyDefaultsPostProcessor(250) -  Devtools property defaults active! Set 'spring.devtools.add-properties' to 'false' to disable
2022-12-14 10:23:48.888 [restartedMain] INFO  o.s.b.d.e.DevToolsPropertyDefaultsPostProcessor(250) -  For additional web related logging consider setting the 'logging.level.web' property to 'DEBUG'
2022-12-14 10:23:49.980 [restartedMain] INFO  o.s.d.r.c.RepositoryConfigurationDelegate(138) -  Bootstrapping Spring Data JPA repositories in DEFAULT mode.
2022-12-14 10:23:50.064 [restartedMain] INFO  o.s.d.r.c.RepositoryConfigurationDelegate(208) -  Finished Spring Data repository scanning in 76 ms. Found 2 JPA repository interfaces.
2022-12-14 10:23:50.797 [restartedMain] INFO  o.s.b.w.e.t.TomcatWebServer(114) -  Tomcat initialized with port(s): 8080 (http)
2022-12-14 10:23:50.813 [restartedMain] INFO  o.a.c.http11.Http11NioProtocol(173) -  Initializing ProtocolHandler ["http-nio-8080"]
2022-12-14 10:23:50.813 [restartedMain] INFO  o.a.c.core.StandardService(173) -  Starting service [Tomcat]
2022-12-14 10:23:50.813 [restartedMain] INFO  o.a.c.core.StandardEngine(173) -  Starting Servlet engine: [Apache Tomcat/10.1.1]
2022-12-14 10:23:50.882 [restartedMain] INFO  o.a.c.c.C.[.[localhost].[/](173) -  Initializing Spring embedded WebApplicationContext
2022-12-14 10:23:50.882 [restartedMain] INFO  o.s.b.w.s.c.ServletWebServerApplicationContext(291) -  Root WebApplicationContext: initialization completed in 1994 ms
2022-12-14 10:23:51.083 [restartedMain] INFO  o.f.c.i.license.VersionPrinter(37) -  Flyway Community Edition 9.5.1 by Redgate
2022-12-14 10:23:51.083 [restartedMain] INFO  o.f.c.i.license.VersionPrinter(37) -  See what's new here: https://flywaydb.org/documentation/learnmore/releaseNotes#9.5.1
2022-12-14 10:23:51.083 [restartedMain] INFO  o.f.c.i.license.VersionPrinter(37) -  
2022-12-14 10:23:51.083 [restartedMain] INFO  o.f.c.i.r.ResourceNameValidator(37) -  1 SQL migrations were detected but not run because they did not follow the filename convention.
2022-12-14 10:23:51.083 [restartedMain] INFO  o.f.c.i.r.ResourceNameValidator(37) -  If this is in error, enable debug logging or 'validateMigrationNaming' to fail fast and see a list of the invalid file names.
2022-12-14 10:23:51.098 [restartedMain] INFO  c.z.hikari.HikariDataSource(110) -  HikariPool-1 - Starting...
2022-12-14 10:23:51.268 [restartedMain] INFO  c.z.hikari.pool.HikariPool(565) -  HikariPool-1 - Added connection com.mysql.cj.jdbc.ConnectionImpl@6ea7b869
2022-12-14 10:23:51.268 [restartedMain] INFO  c.z.hikari.HikariDataSource(123) -  HikariPool-1 - Start completed.
2022-12-14 10:23:51.283 [restartedMain] INFO  o.f.c.i.d.b.BaseDatabaseType(37) -  Database: jdbc:mysql://localhost:3306/report_generator (MySQL 5.5)
2022-12-14 10:23:51.383 [restartedMain] INFO  o.f.c.i.command.DbValidate(37) -  Successfully validated 2 migrations (execution time 00:00.035s)
2022-12-14 10:23:51.405 [restartedMain] INFO  o.f.c.i.command.DbMigrate(37) -  Current version of schema `public`: 20221213213711
2022-12-14 10:23:51.405 [restartedMain] INFO  o.f.c.i.command.DbMigrate(37) -  Schema `public` is up to date. No migration necessary.
2022-12-14 10:23:51.512 [restartedMain] INFO  o.h.j.internal.util.LogHelper(31) -  HHH000204: Processing PersistenceUnitInfo [name: default]
2022-12-14 10:23:51.583 [restartedMain] INFO  org.hibernate.Version(44) -  HHH000412: Hibernate ORM core version 6.1.5.Final
2022-12-14 10:23:51.768 [restartedMain] WARN  org.hibernate.orm.deprecation(626) -  HHH90000021: Encountered deprecated setting [javax.persistence.sharedCache.mode], use [jakarta.persistence.sharedCache.mode] instead
2022-12-14 10:23:51.938 [restartedMain] INFO  SQL dialect(66) -  HHH000400: Using dialect: org.hibernate.dialect.MySQLDialect
2022-12-14 10:23:52.760 [restartedMain] INFO  o.h.e.t.j.p.i.JtaPlatformInitiator(51) -  HHH000490: Using JtaPlatform implementation: [org.hibernate.engine.transaction.jta.platform.internal.NoJtaPlatform]
2022-12-14 10:23:52.760 [restartedMain] INFO  o.s.o.j.LocalContainerEntityManagerFactoryBean(437) -  Initialized JPA EntityManagerFactory for persistence unit 'default'
2022-12-14 10:23:53.678 [restartedMain] WARN  o.s.b.a.o.j.JpaBaseConfiguration$JpaWebConfiguration(227) -  spring.jpa.open-in-view is enabled by default. Therefore, database queries may be performed during view rendering. Explicitly configure spring.jpa.open-in-view to disable this warning
2022-12-14 10:23:54.110 [restartedMain] INFO  o.s.b.d.a.OptionalLiveReloadServer(59) -  LiveReload server is running on port 35729
2022-12-14 10:23:54.142 [restartedMain] INFO  o.a.c.http11.Http11NioProtocol(173) -  Starting ProtocolHandler ["http-nio-8080"]
2022-12-14 10:23:54.164 [restartedMain] INFO  o.s.b.w.e.t.TomcatWebServer(226) -  Tomcat started on port(s): 8080 (http) with context path ''
2022-12-14 10:23:54.179 [restartedMain] INFO  com.dev.reportgenerator.Main(57) -  Started Main in 5.892 seconds (process running for 7.527)
2022-12-14 10:23:59.248 [http-nio-8080-exec-1] INFO  o.a.c.c.C.[.[localhost].[/](173) -  Initializing Spring DispatcherServlet 'dispatcherServlet'
2022-12-14 10:23:59.260 [http-nio-8080-exec-1] INFO  o.s.w.s.DispatcherServlet(525) -  Initializing Servlet 'dispatcherServlet'
2022-12-14 10:23:59.262 [http-nio-8080-exec-1] INFO  o.s.w.s.DispatcherServlet(547) -  Completed initialization in 1 ms
2022-12-14 10:23:59.521 [http-nio-8080-exec-1] WARN  c.d.r.s.I.SummaryMonthlyServiceIplm(57) -  1
2022-12-14 10:23:59.523 [http-nio-8080-exec-1] WARN  c.d.r.s.I.SummaryMonthlyServiceIplm(57) -  1
2022-12-14 10:23:59.523 [http-nio-8080-exec-1] WARN  c.d.r.s.I.SummaryMonthlyServiceIplm(57) -  1
2022-12-14 10:23:59.524 [http-nio-8080-exec-1] WARN  c.d.r.s.I.SummaryMonthlyServiceIplm(57) -  1
2022-12-14 10:23:59.524 [http-nio-8080-exec-1] WARN  c.d.r.s.I.SummaryMonthlyServiceIplm(57) -  1
2022-12-14 10:23:59.525 [http-nio-8080-exec-1] WARN  c.d.r.s.I.SummaryMonthlyServiceIplm(57) -  1
2022-12-14 10:23:59.525 [http-nio-8080-exec-1] WARN  c.d.r.s.I.SummaryMonthlyServiceIplm(57) -  1
2022-12-14 10:23:59.528 [http-nio-8080-exec-1] WARN  c.d.r.s.I.SummaryMonthlyServiceIplm(57) -  1
2022-12-14 10:23:59.529 [http-nio-8080-exec-1] WARN  c.d.r.s.I.SummaryMonthlyServiceIplm(57) -  1
2022-12-14 10:23:59.530 [http-nio-8080-exec-1] WARN  c.d.r.s.I.SummaryMonthlyServiceIplm(57) -  1
2022-12-14 10:23:59.530 [http-nio-8080-exec-1] WARN  c.d.r.s.I.SummaryMonthlyServiceIplm(57) -  1
2022-12-14 10:23:59.530 [http-nio-8080-exec-1] WARN  c.d.r.s.I.SummaryMonthlyServiceIplm(57) -  1
2022-12-14 10:23:59.531 [http-nio-8080-exec-1] WARN  c.d.r.s.I.SummaryMonthlyServiceIplm(57) -  1
2022-12-14 10:23:59.531 [http-nio-8080-exec-1] WARN  c.d.r.s.I.SummaryMonthlyServiceIplm(57) -  1
2022-12-14 10:23:59.531 [http-nio-8080-exec-1] WARN  c.d.r.s.I.SummaryMonthlyServiceIplm(57) -  1
2022-12-14 10:23:59.531 [http-nio-8080-exec-1] WARN  c.d.r.s.I.SummaryMonthlyServiceIplm(57) -  1
2022-12-14 10:25:13.821 [http-nio-8080-exec-5] WARN  c.d.r.s.I.SummaryMonthlyServiceIplm(57) -  1
2022-12-14 10:25:13.822 [http-nio-8080-exec-5] WARN  c.d.r.s.I.SummaryMonthlyServiceIplm(57) -  1
2022-12-14 10:25:13.822 [http-nio-8080-exec-5] WARN  c.d.r.s.I.SummaryMonthlyServiceIplm(57) -  1
2022-12-14 10:25:13.822 [http-nio-8080-exec-5] WARN  c.d.r.s.I.SummaryMonthlyServiceIplm(57) -  1
2022-12-14 10:25:13.822 [http-nio-8080-exec-5] WARN  c.d.r.s.I.SummaryMonthlyServiceIplm(57) -  1
2022-12-14 10:25:13.822 [http-nio-8080-exec-5] WARN  c.d.r.s.I.SummaryMonthlyServiceIplm(57) -  1
2022-12-14 10:25:13.823 [http-nio-8080-exec-5] WARN  c.d.r.s.I.SummaryMonthlyServiceIplm(57) -  1
2022-12-14 10:25:13.823 [http-nio-8080-exec-5] WARN  c.d.r.s.I.SummaryMonthlyServiceIplm(57) -  1
2022-12-14 10:25:13.823 [http-nio-8080-exec-5] WARN  c.d.r.s.I.SummaryMonthlyServiceIplm(57) -  1
2022-12-14 10:25:13.823 [http-nio-8080-exec-5] WARN  c.d.r.s.I.SummaryMonthlyServiceIplm(57) -  1
2022-12-14 10:25:13.824 [http-nio-8080-exec-5] WARN  c.d.r.s.I.SummaryMonthlyServiceIplm(57) -  1
2022-12-14 10:25:13.824 [http-nio-8080-exec-5] WARN  c.d.r.s.I.SummaryMonthlyServiceIplm(57) -  1
2022-12-14 10:25:13.824 [http-nio-8080-exec-5] WARN  c.d.r.s.I.SummaryMonthlyServiceIplm(57) -  1
2022-12-14 10:25:13.824 [http-nio-8080-exec-5] WARN  c.d.r.s.I.SummaryMonthlyServiceIplm(57) -  1
2022-12-14 10:25:13.825 [http-nio-8080-exec-5] WARN  c.d.r.s.I.SummaryMonthlyServiceIplm(57) -  1
2022-12-14 10:25:13.825 [http-nio-8080-exec-5] WARN  c.d.r.s.I.SummaryMonthlyServiceIplm(57) -  1
2022-12-14 10:25:13.826 [http-nio-8080-exec-5] WARN  c.d.r.s.I.SummaryMonthlyServiceIplm(57) -  1
2022-12-14 10:25:13.826 [http-nio-8080-exec-5] WARN  c.d.r.s.I.SummaryMonthlyServiceIplm(57) -  1
2022-12-14 10:25:13.826 [http-nio-8080-exec-5] WARN  c.d.r.s.I.SummaryMonthlyServiceIplm(57) -  1
2022-12-14 10:25:30.145 [SpringApplicationShutdownHook] INFO  o.s.o.j.LocalContainerEntityManagerFactoryBean(650) -  Closing JPA EntityManagerFactory for persistence unit 'default'
2022-12-14 10:25:30.155 [SpringApplicationShutdownHook] INFO  c.z.hikari.HikariDataSource(350) -  HikariPool-1 - Shutdown initiated...
2022-12-14 10:25:30.185 [SpringApplicationShutdownHook] INFO  c.z.hikari.HikariDataSource(352) -  HikariPool-1 - Shutdown completed.
2022-12-14 10:26:38.430 [background-preinit] INFO  o.h.v.internal.util.Version(21) -  HV000001: Hibernate Validator 8.0.0.Final
2022-12-14 10:26:38.498 [restartedMain] INFO  com.dev.reportgenerator.Main(51) -  Starting Main using Java 18.0.2 with PID 652 (C:\Users\Administrator\Desktop\report-generator\target\classes started by Administrator in C:\Users\Administrator\Desktop\report-generator)
2022-12-14 10:26:38.498 [restartedMain] INFO  com.dev.reportgenerator.Main(630) -  No active profile set, falling back to 1 default profile: "default"
2022-12-14 10:26:38.575 [restartedMain] INFO  o.s.b.d.e.DevToolsPropertyDefaultsPostProcessor(250) -  Devtools property defaults active! Set 'spring.devtools.add-properties' to 'false' to disable
2022-12-14 10:26:38.575 [restartedMain] INFO  o.s.b.d.e.DevToolsPropertyDefaultsPostProcessor(250) -  For additional web related logging consider setting the 'logging.level.web' property to 'DEBUG'
2022-12-14 10:26:39.577 [restartedMain] INFO  o.s.d.r.c.RepositoryConfigurationDelegate(138) -  Bootstrapping Spring Data JPA repositories in DEFAULT mode.
2022-12-14 10:26:39.661 [restartedMain] INFO  o.s.d.r.c.RepositoryConfigurationDelegate(208) -  Finished Spring Data repository scanning in 74 ms. Found 2 JPA repository interfaces.
2022-12-14 10:26:40.448 [restartedMain] INFO  o.s.b.w.e.t.TomcatWebServer(114) -  Tomcat initialized with port(s): 8080 (http)
2022-12-14 10:26:40.464 [restartedMain] INFO  o.a.c.http11.Http11NioProtocol(173) -  Initializing ProtocolHandler ["http-nio-8080"]
2022-12-14 10:26:40.464 [restartedMain] INFO  o.a.c.core.StandardService(173) -  Starting service [Tomcat]
2022-12-14 10:26:40.464 [restartedMain] INFO  o.a.c.core.StandardEngine(173) -  Starting Servlet engine: [Apache Tomcat/10.1.1]
2022-12-14 10:26:40.548 [restartedMain] INFO  o.a.c.c.C.[.[localhost].[/](173) -  Initializing Spring embedded WebApplicationContext
2022-12-14 10:26:40.548 [restartedMain] INFO  o.s.b.w.s.c.ServletWebServerApplicationContext(291) -  Root WebApplicationContext: initialization completed in 1966 ms
2022-12-14 10:26:40.796 [restartedMain] INFO  o.f.c.i.license.VersionPrinter(37) -  Flyway Community Edition 9.5.1 by Redgate
2022-12-14 10:26:40.796 [restartedMain] INFO  o.f.c.i.license.VersionPrinter(37) -  See what's new here: https://flywaydb.org/documentation/learnmore/releaseNotes#9.5.1
2022-12-14 10:26:40.796 [restartedMain] INFO  o.f.c.i.license.VersionPrinter(37) -  
2022-12-14 10:26:40.796 [restartedMain] INFO  o.f.c.i.r.ResourceNameValidator(37) -  1 SQL migrations were detected but not run because they did not follow the filename convention.
2022-12-14 10:26:40.796 [restartedMain] INFO  o.f.c.i.r.ResourceNameValidator(37) -  If this is in error, enable debug logging or 'validateMigrationNaming' to fail fast and see a list of the invalid file names.
2022-12-14 10:26:40.811 [restartedMain] INFO  c.z.hikari.HikariDataSource(110) -  HikariPool-1 - Starting...
2022-12-14 10:26:40.949 [restartedMain] INFO  c.z.hikari.pool.HikariPool(565) -  HikariPool-1 - Added connection com.mysql.cj.jdbc.ConnectionImpl@460ab896
2022-12-14 10:26:40.965 [restartedMain] INFO  c.z.hikari.HikariDataSource(123) -  HikariPool-1 - Start completed.
2022-12-14 10:26:40.965 [restartedMain] INFO  o.f.c.i.d.b.BaseDatabaseType(37) -  Database: jdbc:mysql://localhost:3306/report_generator (MySQL 5.5)
2022-12-14 10:26:41.065 [restartedMain] INFO  o.f.c.i.command.DbValidate(37) -  Successfully validated 2 migrations (execution time 00:00.029s)
2022-12-14 10:26:41.081 [restartedMain] INFO  o.f.c.i.command.DbMigrate(37) -  Current version of schema `public`: 20221213213711
2022-12-14 10:26:41.081 [restartedMain] INFO  o.f.c.i.command.DbMigrate(37) -  Schema `public` is up to date. No migration necessary.
2022-12-14 10:26:41.181 [restartedMain] INFO  o.h.j.internal.util.LogHelper(31) -  HHH000204: Processing PersistenceUnitInfo [name: default]
2022-12-14 10:26:41.265 [restartedMain] INFO  org.hibernate.Version(44) -  HHH000412: Hibernate ORM core version 6.1.5.Final
2022-12-14 10:26:41.450 [restartedMain] WARN  org.hibernate.orm.deprecation(626) -  HHH90000021: Encountered deprecated setting [javax.persistence.sharedCache.mode], use [jakarta.persistence.sharedCache.mode] instead
2022-12-14 10:26:41.613 [restartedMain] INFO  SQL dialect(66) -  HHH000400: Using dialect: org.hibernate.dialect.MySQLDialect
2022-12-14 10:26:42.374 [restartedMain] INFO  o.h.e.t.j.p.i.JtaPlatformInitiator(51) -  HHH000490: Using JtaPlatform implementation: [org.hibernate.engine.transaction.jta.platform.internal.NoJtaPlatform]
2022-12-14 10:26:42.389 [restartedMain] INFO  o.s.o.j.LocalContainerEntityManagerFactoryBean(437) -  Initialized JPA EntityManagerFactory for persistence unit 'default'
2022-12-14 10:26:43.276 [restartedMain] WARN  o.s.b.a.o.j.JpaBaseConfiguration$JpaWebConfiguration(227) -  spring.jpa.open-in-view is enabled by default. Therefore, database queries may be performed during view rendering. Explicitly configure spring.jpa.open-in-view to disable this warning
2022-12-14 10:26:43.777 [restartedMain] INFO  o.s.b.d.a.OptionalLiveReloadServer(59) -  LiveReload server is running on port 35729
2022-12-14 10:26:43.793 [restartedMain] INFO  o.a.c.http11.Http11NioProtocol(173) -  Starting ProtocolHandler ["http-nio-8080"]
2022-12-14 10:26:43.824 [restartedMain] INFO  o.s.b.w.e.t.TomcatWebServer(226) -  Tomcat started on port(s): 8080 (http) with context path ''
2022-12-14 10:26:43.840 [restartedMain] INFO  com.dev.reportgenerator.Main(57) -  Started Main in 5.877 seconds (process running for 7.482)
2022-12-14 10:26:47.438 [http-nio-8080-exec-2] INFO  o.a.c.c.C.[.[localhost].[/](173) -  Initializing Spring DispatcherServlet 'dispatcherServlet'
2022-12-14 10:26:47.439 [http-nio-8080-exec-2] INFO  o.s.w.s.DispatcherServlet(525) -  Initializing Servlet 'dispatcherServlet'
2022-12-14 10:26:47.441 [http-nio-8080-exec-2] INFO  o.s.w.s.DispatcherServlet(547) -  Completed initialization in 2 ms
2022-12-14 10:26:47.889 [http-nio-8080-exec-2] WARN  c.d.r.s.I.SummaryMonthlyServiceIplm(57) -  1
2022-12-14 10:26:47.890 [http-nio-8080-exec-2] WARN  c.d.r.s.I.SummaryMonthlyServiceIplm(57) -  1
2022-12-14 10:26:47.891 [http-nio-8080-exec-2] WARN  c.d.r.s.I.SummaryMonthlyServiceIplm(57) -  1
2022-12-14 10:26:47.891 [http-nio-8080-exec-2] WARN  c.d.r.s.I.SummaryMonthlyServiceIplm(57) -  1
2022-12-14 10:26:47.891 [http-nio-8080-exec-2] WARN  c.d.r.s.I.SummaryMonthlyServiceIplm(57) -  1
2022-12-14 10:26:47.892 [http-nio-8080-exec-2] WARN  c.d.r.s.I.SummaryMonthlyServiceIplm(57) -  1
2022-12-14 10:26:47.892 [http-nio-8080-exec-2] WARN  c.d.r.s.I.SummaryMonthlyServiceIplm(57) -  1
2022-12-14 10:26:47.892 [http-nio-8080-exec-2] WARN  c.d.r.s.I.SummaryMonthlyServiceIplm(57) -  1
2022-12-14 10:26:47.893 [http-nio-8080-exec-2] WARN  c.d.r.s.I.SummaryMonthlyServiceIplm(57) -  1
2022-12-14 10:26:47.893 [http-nio-8080-exec-2] WARN  c.d.r.s.I.SummaryMonthlyServiceIplm(57) -  1
2022-12-14 10:26:47.893 [http-nio-8080-exec-2] WARN  c.d.r.s.I.SummaryMonthlyServiceIplm(57) -  1
2022-12-14 10:26:47.894 [http-nio-8080-exec-2] WARN  c.d.r.s.I.SummaryMonthlyServiceIplm(57) -  1
2022-12-14 10:26:47.894 [http-nio-8080-exec-2] WARN  c.d.r.s.I.SummaryMonthlyServiceIplm(57) -  1
2022-12-14 10:26:47.894 [http-nio-8080-exec-2] WARN  c.d.r.s.I.SummaryMonthlyServiceIplm(57) -  1
2022-12-14 10:26:47.894 [http-nio-8080-exec-2] WARN  c.d.r.s.I.SummaryMonthlyServiceIplm(57) -  1
2022-12-14 10:26:47.895 [http-nio-8080-exec-2] WARN  c.d.r.s.I.SummaryMonthlyServiceIplm(57) -  1
2022-12-14 10:26:47.895 [http-nio-8080-exec-2] WARN  c.d.r.s.I.SummaryMonthlyServiceIplm(57) -  1
2022-12-14 10:26:47.895 [http-nio-8080-exec-2] WARN  c.d.r.s.I.SummaryMonthlyServiceIplm(57) -  1
2022-12-14 10:26:47.895 [http-nio-8080-exec-2] WARN  c.d.r.s.I.SummaryMonthlyServiceIplm(57) -  1
2022-12-14 10:27:23.606 [SpringApplicationShutdownHook] INFO  o.s.o.j.LocalContainerEntityManagerFactoryBean(650) -  Closing JPA EntityManagerFactory for persistence unit 'default'
2022-12-14 10:27:23.606 [SpringApplicationShutdownHook] INFO  c.z.hikari.HikariDataSource(350) -  HikariPool-1 - Shutdown initiated...
2022-12-14 10:27:23.622 [SpringApplicationShutdownHook] INFO  c.z.hikari.HikariDataSource(352) -  HikariPool-1 - Shutdown completed.
2022-12-14 10:29:56.785 [background-preinit] INFO  o.h.v.internal.util.Version(21) -  HV000001: Hibernate Validator 8.0.0.Final
2022-12-14 10:29:56.843 [restartedMain] INFO  com.dev.reportgenerator.Main(51) -  Starting Main using Java 18.0.2 with PID 7576 (C:\Users\Administrator\Desktop\report-generator\target\classes started by Administrator in C:\Users\Administrator\Desktop\report-generator)
2022-12-14 10:29:56.843 [restartedMain] INFO  com.dev.reportgenerator.Main(630) -  No active profile set, falling back to 1 default profile: "default"
2022-12-14 10:29:56.919 [restartedMain] INFO  o.s.b.d.e.DevToolsPropertyDefaultsPostProcessor(250) -  Devtools property defaults active! Set 'spring.devtools.add-properties' to 'false' to disable
2022-12-14 10:29:56.919 [restartedMain] INFO  o.s.b.d.e.DevToolsPropertyDefaultsPostProcessor(250) -  For additional web related logging consider setting the 'logging.level.web' property to 'DEBUG'
2022-12-14 10:29:58.000 [restartedMain] INFO  o.s.d.r.c.RepositoryConfigurationDelegate(138) -  Bootstrapping Spring Data JPA repositories in DEFAULT mode.
2022-12-14 10:29:58.069 [restartedMain] INFO  o.s.d.r.c.RepositoryConfigurationDelegate(208) -  Finished Spring Data repository scanning in 67 ms. Found 2 JPA repository interfaces.
2022-12-14 10:29:58.948 [restartedMain] INFO  o.s.b.w.e.t.TomcatWebServer(114) -  Tomcat initialized with port(s): 8080 (http)
2022-12-14 10:29:58.948 [restartedMain] INFO  o.a.c.http11.Http11NioProtocol(173) -  Initializing ProtocolHandler ["http-nio-8080"]
2022-12-14 10:29:58.948 [restartedMain] INFO  o.a.c.core.StandardService(173) -  Starting service [Tomcat]
2022-12-14 10:29:58.948 [restartedMain] INFO  o.a.c.core.StandardEngine(173) -  Starting Servlet engine: [Apache Tomcat/10.1.1]
2022-12-14 10:29:59.032 [restartedMain] INFO  o.a.c.c.C.[.[localhost].[/](173) -  Initializing Spring embedded WebApplicationContext
2022-12-14 10:29:59.032 [restartedMain] INFO  o.s.b.w.s.c.ServletWebServerApplicationContext(291) -  Root WebApplicationContext: initialization completed in 2113 ms
2022-12-14 10:29:59.217 [restartedMain] INFO  o.f.c.i.license.VersionPrinter(37) -  Flyway Community Edition 9.5.1 by Redgate
2022-12-14 10:29:59.217 [restartedMain] INFO  o.f.c.i.license.VersionPrinter(37) -  See what's new here: https://flywaydb.org/documentation/learnmore/releaseNotes#9.5.1
2022-12-14 10:29:59.217 [restartedMain] INFO  o.f.c.i.license.VersionPrinter(37) -  
2022-12-14 10:29:59.233 [restartedMain] INFO  o.f.c.i.r.ResourceNameValidator(37) -  1 SQL migrations were detected but not run because they did not follow the filename convention.
2022-12-14 10:29:59.233 [restartedMain] INFO  o.f.c.i.r.ResourceNameValidator(37) -  If this is in error, enable debug logging or 'validateMigrationNaming' to fail fast and see a list of the invalid file names.
2022-12-14 10:29:59.233 [restartedMain] INFO  c.z.hikari.HikariDataSource(110) -  HikariPool-1 - Starting...
2022-12-14 10:29:59.386 [restartedMain] INFO  c.z.hikari.pool.HikariPool(565) -  HikariPool-1 - Added connection com.mysql.cj.jdbc.ConnectionImpl@14e8919
2022-12-14 10:29:59.402 [restartedMain] INFO  c.z.hikari.HikariDataSource(123) -  HikariPool-1 - Start completed.
2022-12-14 10:29:59.402 [restartedMain] INFO  o.f.c.i.d.b.BaseDatabaseType(37) -  Database: jdbc:mysql://localhost:3306/report_generator (MySQL 5.5)
2022-12-14 10:29:59.560 [restartedMain] INFO  o.f.c.i.command.DbValidate(37) -  Successfully validated 2 migrations (execution time 00:00.041s)
2022-12-14 10:29:59.571 [restartedMain] INFO  o.f.c.i.command.DbMigrate(37) -  Current version of schema `public`: 20221213213711
2022-12-14 10:29:59.571 [restartedMain] INFO  o.f.c.i.command.DbMigrate(37) -  Schema `public` is up to date. No migration necessary.
2022-12-14 10:29:59.718 [restartedMain] INFO  o.h.j.internal.util.LogHelper(31) -  HHH000204: Processing PersistenceUnitInfo [name: default]
2022-12-14 10:29:59.802 [restartedMain] INFO  org.hibernate.Version(44) -  HHH000412: Hibernate ORM core version 6.1.5.Final
2022-12-14 10:30:00.034 [restartedMain] WARN  org.hibernate.orm.deprecation(626) -  HHH90000021: Encountered deprecated setting [javax.persistence.sharedCache.mode], use [jakarta.persistence.sharedCache.mode] instead
2022-12-14 10:30:00.172 [restartedMain] INFO  SQL dialect(66) -  HHH000400: Using dialect: org.hibernate.dialect.MySQLDialect
2022-12-14 10:30:00.907 [restartedMain] INFO  o.h.e.t.j.p.i.JtaPlatformInitiator(51) -  HHH000490: Using JtaPlatform implementation: [org.hibernate.engine.transaction.jta.platform.internal.NoJtaPlatform]
2022-12-14 10:30:00.922 [restartedMain] INFO  o.s.o.j.LocalContainerEntityManagerFactoryBean(437) -  Initialized JPA EntityManagerFactory for persistence unit 'default'
2022-12-14 10:30:01.978 [restartedMain] WARN  o.s.b.a.o.j.JpaBaseConfiguration$JpaWebConfiguration(227) -  spring.jpa.open-in-view is enabled by default. Therefore, database queries may be performed during view rendering. Explicitly configure spring.jpa.open-in-view to disable this warning
2022-12-14 10:30:02.410 [restartedMain] INFO  o.s.b.d.a.OptionalLiveReloadServer(59) -  LiveReload server is running on port 35729
2022-12-14 10:30:02.448 [restartedMain] INFO  o.a.c.http11.Http11NioProtocol(173) -  Starting ProtocolHandler ["http-nio-8080"]
2022-12-14 10:30:02.464 [restartedMain] INFO  o.s.b.w.e.t.TomcatWebServer(226) -  Tomcat started on port(s): 8080 (http) with context path ''
2022-12-14 10:30:02.479 [restartedMain] INFO  com.dev.reportgenerator.Main(57) -  Started Main in 6.122 seconds (process running for 7.493)
2022-12-14 10:30:28.331 [http-nio-8080-exec-1] INFO  o.a.c.c.C.[.[localhost].[/](173) -  Initializing Spring DispatcherServlet 'dispatcherServlet'
2022-12-14 10:30:28.332 [http-nio-8080-exec-1] INFO  o.s.w.s.DispatcherServlet(525) -  Initializing Servlet 'dispatcherServlet'
2022-12-14 10:30:28.333 [http-nio-8080-exec-1] INFO  o.s.w.s.DispatcherServlet(547) -  Completed initialization in 1 ms
2022-12-14 10:30:28.386 [http-nio-8080-exec-1] INFO  c.d.r.s.I.SummaryDailyServiceIplm(43) -   Get data from database !
2022-12-14 10:30:28.584 [http-nio-8080-exec-1] WARN  c.d.r.s.I.SummaryDailyServiceIplm(73) -  The stream 1 used up :3885 milisec
2022-12-14 10:30:28.590 [http-nio-8080-exec-1] WARN  c.d.r.s.I.SummaryDailyServiceIplm(119) -  The stream 2 used up :5379 milisec
2022-12-14 10:30:44.837 [SpringApplicationShutdownHook] INFO  o.s.o.j.LocalContainerEntityManagerFactoryBean(650) -  Closing JPA EntityManagerFactory for persistence unit 'default'
2022-12-14 10:30:44.853 [SpringApplicationShutdownHook] INFO  c.z.hikari.HikariDataSource(350) -  HikariPool-1 - Shutdown initiated...
2022-12-14 10:30:44.860 [SpringApplicationShutdownHook] INFO  c.z.hikari.HikariDataSource(352) -  HikariPool-1 - Shutdown completed.
