2022-12-09 08:06:52.262 [background-preinit] INFO  o.h.v.internal.util.Version(21) -  HV000001: Hibernate Validator 8.0.0.Final
2022-12-09 08:06:52.335 [restartedMain] INFO  com.dev.reportgenerator.Main(51) -  Starting Main using Java 18.0.2 with PID 10972 (C:\Users\Administrator\Desktop\report-generator\target\classes started by Administrator in C:\Users\Administrator\Desktop\report-generator)
2022-12-09 08:06:52.335 [restartedMain] INFO  com.dev.reportgenerator.Main(630) -  No active profile set, falling back to 1 default profile: "default"
2022-12-09 08:06:52.482 [restartedMain] INFO  o.s.b.d.e.DevToolsPropertyDefaultsPostProcessor(250) -  Devtools property defaults active! Set 'spring.devtools.add-properties' to 'false' to disable
2022-12-09 08:06:52.484 [restartedMain] INFO  o.s.b.d.e.DevToolsPropertyDefaultsPostProcessor(250) -  For additional web related logging consider setting the 'logging.level.web' property to 'DEBUG'
2022-12-09 08:06:53.852 [restartedMain] INFO  o.s.d.r.c.RepositoryConfigurationDelegate(138) -  Bootstrapping Spring Data JPA repositories in DEFAULT mode.
2022-12-09 08:06:53.981 [restartedMain] INFO  o.s.d.r.c.RepositoryConfigurationDelegate(208) -  Finished Spring Data repository scanning in 112 ms. Found 2 JPA repository interfaces.
2022-12-09 08:06:54.836 [restartedMain] INFO  o.s.b.w.e.t.TomcatWebServer(114) -  Tomcat initialized with port(s): 8080 (http)
2022-12-09 08:06:54.852 [restartedMain] INFO  o.a.c.http11.Http11NioProtocol(173) -  Initializing ProtocolHandler ["http-nio-8080"]
2022-12-09 08:06:54.852 [restartedMain] INFO  o.a.c.core.StandardService(173) -  Starting service [Tomcat]
2022-12-09 08:06:54.852 [restartedMain] INFO  o.a.c.core.StandardEngine(173) -  Starting Servlet engine: [Apache Tomcat/10.1.1]
2022-12-09 08:06:54.936 [restartedMain] INFO  o.a.c.c.C.[.[localhost].[/](173) -  Initializing Spring embedded WebApplicationContext
2022-12-09 08:06:54.936 [restartedMain] INFO  o.s.b.w.s.c.ServletWebServerApplicationContext(291) -  Root WebApplicationContext: initialization completed in 2450 ms
2022-12-09 08:06:55.205 [restartedMain] INFO  o.f.c.i.license.VersionPrinter(37) -  Flyway Community Edition 9.5.1 by Redgate
2022-12-09 08:06:55.205 [restartedMain] INFO  o.f.c.i.license.VersionPrinter(37) -  See what's new here: https://flywaydb.org/documentation/learnmore/releaseNotes#9.5.1
2022-12-09 08:06:55.205 [restartedMain] INFO  o.f.c.i.license.VersionPrinter(37) -  
2022-12-09 08:06:55.205 [restartedMain] INFO  o.f.c.i.r.ResourceNameValidator(37) -  1 SQL migrations were detected but not run because they did not follow the filename convention.
2022-12-09 08:06:55.205 [restartedMain] INFO  o.f.c.i.r.ResourceNameValidator(37) -  If this is in error, enable debug logging or 'validateMigrationNaming' to fail fast and see a list of the invalid file names.
2022-12-09 08:06:55.205 [restartedMain] INFO  c.z.hikari.HikariDataSource(110) -  HikariPool-1 - Starting...
2022-12-09 08:06:55.390 [restartedMain] INFO  c.z.hikari.pool.HikariPool(565) -  HikariPool-1 - Added connection com.mysql.cj.jdbc.ConnectionImpl@612b6ed4
2022-12-09 08:06:55.390 [restartedMain] INFO  c.z.hikari.HikariDataSource(123) -  HikariPool-1 - Start completed.
2022-12-09 08:06:55.406 [restartedMain] INFO  o.f.c.i.d.b.BaseDatabaseType(37) -  Database: jdbc:mysql://localhost:3306/report_generator (MySQL 5.5)
2022-12-09 08:06:55.545 [restartedMain] INFO  o.f.c.i.command.DbValidate(37) -  Successfully validated 1 migration (execution time 00:00.037s)
2022-12-09 08:06:55.560 [restartedMain] INFO  o.f.c.i.command.DbMigrate(37) -  Current version of schema `public`: null
2022-12-09 08:06:55.560 [restartedMain] INFO  o.f.c.i.command.DbMigrate(37) -  Schema `public` is up to date. No migration necessary.
2022-12-09 08:06:55.675 [restartedMain] INFO  o.h.j.internal.util.LogHelper(31) -  HHH000204: Processing PersistenceUnitInfo [name: default]
2022-12-09 08:06:55.738 [restartedMain] INFO  org.hibernate.Version(44) -  HHH000412: Hibernate ORM core version 6.1.5.Final
2022-12-09 08:06:55.938 [restartedMain] WARN  org.hibernate.orm.deprecation(626) -  HHH90000021: Encountered deprecated setting [javax.persistence.sharedCache.mode], use [jakarta.persistence.sharedCache.mode] instead
2022-12-09 08:06:56.076 [restartedMain] INFO  SQL dialect(66) -  HHH000400: Using dialect: org.hibernate.dialect.MySQLDialect
2022-12-09 08:06:56.809 [restartedMain] INFO  o.h.e.t.j.p.i.JtaPlatformInitiator(51) -  HHH000490: Using JtaPlatform implementation: [org.hibernate.engine.transaction.jta.platform.internal.NoJtaPlatform]
2022-12-09 08:06:56.825 [restartedMain] INFO  o.s.o.j.LocalContainerEntityManagerFactoryBean(437) -  Initialized JPA EntityManagerFactory for persistence unit 'default'
2022-12-09 08:06:57.609 [restartedMain] WARN  o.s.b.a.o.j.JpaBaseConfiguration$JpaWebConfiguration(227) -  spring.jpa.open-in-view is enabled by default. Therefore, database queries may be performed during view rendering. Explicitly configure spring.jpa.open-in-view to disable this warning
2022-12-09 08:06:58.048 [restartedMain] INFO  o.s.b.d.a.OptionalLiveReloadServer(59) -  LiveReload server is running on port 35729
2022-12-09 08:06:58.079 [restartedMain] INFO  o.a.c.http11.Http11NioProtocol(173) -  Starting ProtocolHandler ["http-nio-8080"]
2022-12-09 08:06:58.126 [restartedMain] INFO  o.s.b.w.e.t.TomcatWebServer(226) -  Tomcat started on port(s): 8080 (http) with context path ''
2022-12-09 08:06:58.135 [restartedMain] INFO  com.dev.reportgenerator.Main(57) -  Started Main in 6.567 seconds (process running for 9.762)
2022-12-09 08:07:22.905 [http-nio-8080-exec-1] INFO  o.a.c.c.C.[.[localhost].[/](173) -  Initializing Spring DispatcherServlet 'dispatcherServlet'
2022-12-09 08:07:22.906 [http-nio-8080-exec-1] INFO  o.s.w.s.DispatcherServlet(525) -  Initializing Servlet 'dispatcherServlet'
2022-12-09 08:07:22.907 [http-nio-8080-exec-1] INFO  o.s.w.s.DispatcherServlet(547) -  Completed initialization in 1 ms
2022-12-09 08:07:23.436 [http-nio-8080-exec-1] INFO  c.d.r.s.I.SummaryDailyServiceIplm(69) -  The loop used up :30 milisec
2022-12-09 08:07:23.442 [http-nio-8080-exec-1] INFO  c.d.r.s.I.SummaryDailyServiceIplm(129) -  The stream used up :4834 milisec
2022-12-09 08:07:41.979 [http-nio-8080-exec-3] INFO  c.d.r.s.I.SummaryDailyServiceIplm(69) -  The loop used up :14 milisec
2022-12-09 08:07:41.979 [http-nio-8080-exec-3] INFO  c.d.r.s.I.SummaryDailyServiceIplm(129) -  The stream used up :37 milisec
2022-12-09 08:07:59.638 [http-nio-8080-exec-4] INFO  c.d.r.s.I.SummaryDailyServiceIplm(69) -  The loop used up :36 milisec
2022-12-09 08:07:59.638 [http-nio-8080-exec-4] INFO  c.d.r.s.I.SummaryDailyServiceIplm(129) -  The stream used up :42 milisec
2022-12-09 08:08:25.902 [http-nio-8080-exec-5] INFO  c.d.r.s.I.SummaryDailyServiceIplm(69) -  The loop used up :54 milisec
2022-12-09 08:08:25.902 [http-nio-8080-exec-5] INFO  c.d.r.s.I.SummaryDailyServiceIplm(129) -  The stream used up :113 milisec
2022-12-09 08:08:34.097 [http-nio-8080-exec-6] INFO  c.d.r.s.I.SummaryDailyServiceIplm(69) -  The loop used up :19 milisec
2022-12-09 08:08:34.097 [http-nio-8080-exec-6] INFO  c.d.r.s.I.SummaryDailyServiceIplm(129) -  The stream used up :39 milisec
2022-12-09 08:08:35.270 [http-nio-8080-exec-7] INFO  c.d.r.s.I.SummaryDailyServiceIplm(69) -  The loop used up :26 milisec
2022-12-09 08:08:35.271 [http-nio-8080-exec-7] INFO  c.d.r.s.I.SummaryDailyServiceIplm(129) -  The stream used up :54 milisec
2022-12-09 08:08:36.120 [http-nio-8080-exec-8] INFO  c.d.r.s.I.SummaryDailyServiceIplm(69) -  The loop used up :21 milisec
2022-12-09 08:08:36.121 [http-nio-8080-exec-8] INFO  c.d.r.s.I.SummaryDailyServiceIplm(129) -  The stream used up :53 milisec
2022-12-09 08:08:43.635 [http-nio-8080-exec-9] INFO  c.d.r.s.I.SummaryDailyServiceIplm(69) -  The loop used up :19 milisec
2022-12-09 08:08:43.636 [http-nio-8080-exec-9] INFO  c.d.r.s.I.SummaryDailyServiceIplm(129) -  The stream used up :49 milisec
2022-12-09 08:09:02.579 [SpringApplicationShutdownHook] INFO  o.s.o.j.LocalContainerEntityManagerFactoryBean(650) -  Closing JPA EntityManagerFactory for persistence unit 'default'
2022-12-09 08:09:02.701 [SpringApplicationShutdownHook] INFO  c.z.hikari.HikariDataSource(350) -  HikariPool-1 - Shutdown initiated...
2022-12-09 08:09:02.779 [SpringApplicationShutdownHook] INFO  c.z.hikari.HikariDataSource(352) -  HikariPool-1 - Shutdown completed.
2022-12-09 08:16:52.740 [background-preinit] INFO  o.h.v.internal.util.Version(21) -  HV000001: Hibernate Validator 8.0.0.Final
2022-12-09 08:16:52.805 [restartedMain] INFO  com.dev.reportgenerator.Main(51) -  Starting Main using Java 18.0.2 with PID 4044 (C:\Users\Administrator\Desktop\report-generator\target\classes started by Administrator in C:\Users\Administrator\Desktop\report-generator)
2022-12-09 08:16:52.805 [restartedMain] INFO  com.dev.reportgenerator.Main(630) -  No active profile set, falling back to 1 default profile: "default"
2022-12-09 08:16:52.878 [restartedMain] INFO  o.s.b.d.e.DevToolsPropertyDefaultsPostProcessor(250) -  Devtools property defaults active! Set 'spring.devtools.add-properties' to 'false' to disable
2022-12-09 08:16:52.878 [restartedMain] INFO  o.s.b.d.e.DevToolsPropertyDefaultsPostProcessor(250) -  For additional web related logging consider setting the 'logging.level.web' property to 'DEBUG'
2022-12-09 08:16:53.936 [restartedMain] INFO  o.s.d.r.c.RepositoryConfigurationDelegate(138) -  Bootstrapping Spring Data JPA repositories in DEFAULT mode.
2022-12-09 08:16:54.006 [restartedMain] INFO  o.s.d.r.c.RepositoryConfigurationDelegate(208) -  Finished Spring Data repository scanning in 64 ms. Found 2 JPA repository interfaces.
2022-12-09 08:16:55.033 [restartedMain] INFO  o.s.b.w.e.t.TomcatWebServer(114) -  Tomcat initialized with port(s): 8080 (http)
2022-12-09 08:16:55.033 [restartedMain] INFO  o.a.c.http11.Http11NioProtocol(173) -  Initializing ProtocolHandler ["http-nio-8080"]
2022-12-09 08:16:55.033 [restartedMain] INFO  o.a.c.core.StandardService(173) -  Starting service [Tomcat]
2022-12-09 08:16:55.033 [restartedMain] INFO  o.a.c.core.StandardEngine(173) -  Starting Servlet engine: [Apache Tomcat/10.1.1]
2022-12-09 08:16:55.129 [restartedMain] INFO  o.a.c.c.C.[.[localhost].[/](173) -  Initializing Spring embedded WebApplicationContext
2022-12-09 08:16:55.130 [restartedMain] INFO  o.s.b.w.s.c.ServletWebServerApplicationContext(291) -  Root WebApplicationContext: initialization completed in 2252 ms
2022-12-09 08:16:55.745 [restartedMain] INFO  o.f.c.i.license.VersionPrinter(37) -  Flyway Community Edition 9.5.1 by Redgate
2022-12-09 08:16:55.747 [restartedMain] INFO  o.f.c.i.license.VersionPrinter(37) -  See what's new here: https://flywaydb.org/documentation/learnmore/releaseNotes#9.5.1
2022-12-09 08:16:55.749 [restartedMain] INFO  o.f.c.i.license.VersionPrinter(37) -  
2022-12-09 08:16:55.789 [restartedMain] INFO  o.f.c.i.r.ResourceNameValidator(37) -  1 SQL migrations were detected but not run because they did not follow the filename convention.
2022-12-09 08:16:55.789 [restartedMain] INFO  o.f.c.i.r.ResourceNameValidator(37) -  If this is in error, enable debug logging or 'validateMigrationNaming' to fail fast and see a list of the invalid file names.
2022-12-09 08:16:55.794 [restartedMain] INFO  c.z.hikari.HikariDataSource(110) -  HikariPool-1 - Starting...
2022-12-09 08:16:56.150 [restartedMain] INFO  c.z.hikari.pool.HikariPool(565) -  HikariPool-1 - Added connection com.mysql.cj.jdbc.ConnectionImpl@2b288b1
2022-12-09 08:16:56.155 [restartedMain] INFO  c.z.hikari.HikariDataSource(123) -  HikariPool-1 - Start completed.
2022-12-09 08:16:56.172 [restartedMain] INFO  o.f.c.i.d.b.BaseDatabaseType(37) -  Database: jdbc:mysql://localhost:3306/report_generator (MySQL 5.5)
2022-12-09 08:16:56.647 [restartedMain] INFO  o.f.c.i.command.DbValidate(37) -  Successfully validated 1 migration (execution time 00:00.214s)
2022-12-09 08:16:56.678 [restartedMain] INFO  o.f.c.i.command.DbMigrate(37) -  Current version of schema `public`: null
2022-12-09 08:16:56.682 [restartedMain] INFO  o.f.c.i.command.DbMigrate(37) -  Schema `public` is up to date. No migration necessary.
2022-12-09 08:16:56.988 [restartedMain] INFO  o.h.j.internal.util.LogHelper(31) -  HHH000204: Processing PersistenceUnitInfo [name: default]
2022-12-09 08:16:57.138 [restartedMain] INFO  org.hibernate.Version(44) -  HHH000412: Hibernate ORM core version 6.1.5.Final
2022-12-09 08:16:57.514 [restartedMain] WARN  org.hibernate.orm.deprecation(626) -  HHH90000021: Encountered deprecated setting [javax.persistence.sharedCache.mode], use [jakarta.persistence.sharedCache.mode] instead
2022-12-09 08:16:57.840 [restartedMain] INFO  SQL dialect(66) -  HHH000400: Using dialect: org.hibernate.dialect.MySQLDialect
2022-12-09 08:17:00.037 [restartedMain] INFO  o.h.e.t.j.p.i.JtaPlatformInitiator(51) -  HHH000490: Using JtaPlatform implementation: [org.hibernate.engine.transaction.jta.platform.internal.NoJtaPlatform]
2022-12-09 08:17:00.108 [restartedMain] INFO  o.s.o.j.LocalContainerEntityManagerFactoryBean(437) -  Initialized JPA EntityManagerFactory for persistence unit 'default'
2022-12-09 08:17:01.668 [restartedMain] WARN  o.s.b.a.o.j.JpaBaseConfiguration$JpaWebConfiguration(227) -  spring.jpa.open-in-view is enabled by default. Therefore, database queries may be performed during view rendering. Explicitly configure spring.jpa.open-in-view to disable this warning
2022-12-09 08:17:02.352 [restartedMain] INFO  o.s.b.d.a.OptionalLiveReloadServer(59) -  LiveReload server is running on port 35729
2022-12-09 08:17:02.415 [restartedMain] INFO  o.a.c.http11.Http11NioProtocol(173) -  Starting ProtocolHandler ["http-nio-8080"]
2022-12-09 08:17:02.468 [restartedMain] INFO  o.s.b.w.e.t.TomcatWebServer(226) -  Tomcat started on port(s): 8080 (http) with context path ''
2022-12-09 08:17:02.484 [restartedMain] INFO  com.dev.reportgenerator.Main(57) -  Started Main in 10.215 seconds (process running for 13.095)
2022-12-09 08:17:08.014 [http-nio-8080-exec-1] INFO  o.a.c.c.C.[.[localhost].[/](173) -  Initializing Spring DispatcherServlet 'dispatcherServlet'
2022-12-09 08:17:08.015 [http-nio-8080-exec-1] INFO  o.s.w.s.DispatcherServlet(525) -  Initializing Servlet 'dispatcherServlet'
2022-12-09 08:17:08.016 [http-nio-8080-exec-1] INFO  o.s.w.s.DispatcherServlet(547) -  Completed initialization in 1 ms
2022-12-09 08:17:08.341 [http-nio-8080-exec-1] INFO  c.d.r.s.I.SummaryDailyServiceIplm(69) -  The loop used up :41 milisec
2022-12-09 08:17:08.349 [http-nio-8080-exec-1] INFO  c.d.r.s.I.SummaryDailyServiceIplm(128) -  The stream used up :6568 milisec
2022-12-09 08:17:17.561 [http-nio-8080-exec-3] INFO  c.d.r.s.I.SummaryDailyServiceIplm(69) -  The loop used up :16 milisec
2022-12-09 08:17:17.561 [http-nio-8080-exec-3] INFO  c.d.r.s.I.SummaryDailyServiceIplm(128) -  The stream used up :31 milisec
2022-12-09 08:17:18.731 [http-nio-8080-exec-4] INFO  c.d.r.s.I.SummaryDailyServiceIplm(69) -  The loop used up :27 milisec
2022-12-09 08:17:18.732 [http-nio-8080-exec-4] INFO  c.d.r.s.I.SummaryDailyServiceIplm(128) -  The stream used up :72 milisec
2022-12-09 08:17:25.506 [http-nio-8080-exec-5] INFO  c.d.r.s.I.SummaryDailyServiceIplm(69) -  The loop used up :38 milisec
2022-12-09 08:17:25.507 [http-nio-8080-exec-5] INFO  c.d.r.s.I.SummaryDailyServiceIplm(128) -  The stream used up :57 milisec
2022-12-09 08:17:27.005 [http-nio-8080-exec-6] INFO  c.d.r.s.I.SummaryDailyServiceIplm(69) -  The loop used up :17 milisec
2022-12-09 08:17:27.005 [http-nio-8080-exec-6] INFO  c.d.r.s.I.SummaryDailyServiceIplm(128) -  The stream used up :46 milisec
2022-12-09 08:17:43.865 [SpringApplicationShutdownHook] INFO  o.s.o.j.LocalContainerEntityManagerFactoryBean(650) -  Closing JPA EntityManagerFactory for persistence unit 'default'
2022-12-09 08:17:43.879 [SpringApplicationShutdownHook] INFO  c.z.hikari.HikariDataSource(350) -  HikariPool-1 - Shutdown initiated...
2022-12-09 08:17:43.879 [SpringApplicationShutdownHook] INFO  c.z.hikari.HikariDataSource(352) -  HikariPool-1 - Shutdown completed.
2022-12-09 13:05:50.263 [background-preinit] INFO  o.h.v.internal.util.Version(21) -  HV000001: Hibernate Validator 8.0.0.Final
2022-12-09 13:05:50.325 [restartedMain] INFO  com.dev.reportgenerator.Main(51) -  Starting Main using Java 18.0.2 with PID 11376 (C:\Users\Administrator\Desktop\report-generator\target\classes started by Administrator in C:\Users\Administrator\Desktop\report-generator)
2022-12-09 13:05:50.325 [restartedMain] INFO  com.dev.reportgenerator.Main(630) -  No active profile set, falling back to 1 default profile: "default"
2022-12-09 13:05:50.408 [restartedMain] INFO  o.s.b.d.e.DevToolsPropertyDefaultsPostProcessor(250) -  Devtools property defaults active! Set 'spring.devtools.add-properties' to 'false' to disable
2022-12-09 13:05:50.408 [restartedMain] INFO  o.s.b.d.e.DevToolsPropertyDefaultsPostProcessor(250) -  For additional web related logging consider setting the 'logging.level.web' property to 'DEBUG'
2022-12-09 13:05:51.692 [restartedMain] INFO  o.s.d.r.c.RepositoryConfigurationDelegate(138) -  Bootstrapping Spring Data JPA repositories in DEFAULT mode.
2022-12-09 13:05:51.833 [restartedMain] INFO  o.s.d.r.c.RepositoryConfigurationDelegate(208) -  Finished Spring Data repository scanning in 127 ms. Found 2 JPA repository interfaces.
2022-12-09 13:05:52.770 [restartedMain] INFO  o.s.b.w.e.t.TomcatWebServer(114) -  Tomcat initialized with port(s): 8080 (http)
2022-12-09 13:05:52.786 [restartedMain] INFO  o.a.c.http11.Http11NioProtocol(173) -  Initializing ProtocolHandler ["http-nio-8080"]
2022-12-09 13:05:52.786 [restartedMain] INFO  o.a.c.core.StandardService(173) -  Starting service [Tomcat]
2022-12-09 13:05:52.786 [restartedMain] INFO  o.a.c.core.StandardEngine(173) -  Starting Servlet engine: [Apache Tomcat/10.1.1]
2022-12-09 13:05:52.880 [restartedMain] INFO  o.a.c.c.C.[.[localhost].[/](173) -  Initializing Spring embedded WebApplicationContext
2022-12-09 13:05:52.880 [restartedMain] INFO  o.s.b.w.s.c.ServletWebServerApplicationContext(291) -  Root WebApplicationContext: initialization completed in 2472 ms
2022-12-09 13:05:53.083 [restartedMain] INFO  o.f.c.i.license.VersionPrinter(37) -  Flyway Community Edition 9.5.1 by Redgate
2022-12-09 13:05:53.083 [restartedMain] INFO  o.f.c.i.license.VersionPrinter(37) -  See what's new here: https://flywaydb.org/documentation/learnmore/releaseNotes#9.5.1
2022-12-09 13:05:53.083 [restartedMain] INFO  o.f.c.i.license.VersionPrinter(37) -  
2022-12-09 13:05:53.098 [restartedMain] INFO  o.f.c.i.r.ResourceNameValidator(37) -  1 SQL migrations were detected but not run because they did not follow the filename convention.
2022-12-09 13:05:53.098 [restartedMain] INFO  o.f.c.i.r.ResourceNameValidator(37) -  If this is in error, enable debug logging or 'validateMigrationNaming' to fail fast and see a list of the invalid file names.
2022-12-09 13:05:53.098 [restartedMain] INFO  c.z.hikari.HikariDataSource(110) -  HikariPool-1 - Starting...
2022-12-09 13:05:53.317 [restartedMain] INFO  c.z.hikari.pool.HikariPool(565) -  HikariPool-1 - Added connection com.mysql.cj.jdbc.ConnectionImpl@22663038
2022-12-09 13:05:53.317 [restartedMain] INFO  c.z.hikari.HikariDataSource(123) -  HikariPool-1 - Start completed.
2022-12-09 13:05:53.333 [restartedMain] INFO  o.f.c.i.d.b.BaseDatabaseType(37) -  Database: jdbc:mysql://localhost:3306/report_generator (MySQL 5.5)
2022-12-09 13:05:53.505 [restartedMain] INFO  o.f.c.i.command.DbValidate(37) -  Successfully validated 1 migration (execution time 00:00.046s)
2022-12-09 13:05:53.557 [restartedMain] INFO  o.f.c.i.command.DbMigrate(37) -  Current version of schema `public`: null
2022-12-09 13:05:53.557 [restartedMain] INFO  o.f.c.i.command.DbMigrate(37) -  Schema `public` is up to date. No migration necessary.
2022-12-09 13:05:53.667 [restartedMain] INFO  o.h.j.internal.util.LogHelper(31) -  HHH000204: Processing PersistenceUnitInfo [name: default]
2022-12-09 13:05:53.777 [restartedMain] INFO  org.hibernate.Version(44) -  HHH000412: Hibernate ORM core version 6.1.5.Final
2022-12-09 13:05:53.964 [restartedMain] WARN  org.hibernate.orm.deprecation(626) -  HHH90000021: Encountered deprecated setting [javax.persistence.sharedCache.mode], use [jakarta.persistence.sharedCache.mode] instead
2022-12-09 13:05:54.136 [restartedMain] INFO  SQL dialect(66) -  HHH000400: Using dialect: org.hibernate.dialect.MySQLDialect
2022-12-09 13:05:55.167 [restartedMain] INFO  o.h.e.t.j.p.i.JtaPlatformInitiator(51) -  HHH000490: Using JtaPlatform implementation: [org.hibernate.engine.transaction.jta.platform.internal.NoJtaPlatform]
2022-12-09 13:05:55.183 [restartedMain] INFO  o.s.o.j.LocalContainerEntityManagerFactoryBean(437) -  Initialized JPA EntityManagerFactory for persistence unit 'default'
2022-12-09 13:05:56.089 [restartedMain] WARN  o.s.b.a.o.j.JpaBaseConfiguration$JpaWebConfiguration(227) -  spring.jpa.open-in-view is enabled by default. Therefore, database queries may be performed during view rendering. Explicitly configure spring.jpa.open-in-view to disable this warning
2022-12-09 13:05:56.698 [restartedMain] INFO  o.s.b.d.a.OptionalLiveReloadServer(59) -  LiveReload server is running on port 35729
2022-12-09 13:05:56.730 [restartedMain] INFO  o.a.c.http11.Http11NioProtocol(173) -  Starting ProtocolHandler ["http-nio-8080"]
2022-12-09 13:05:56.761 [restartedMain] INFO  o.s.b.w.e.t.TomcatWebServer(226) -  Tomcat started on port(s): 8080 (http) with context path ''
2022-12-09 13:05:56.777 [restartedMain] INFO  com.dev.reportgenerator.Main(57) -  Started Main in 7.184 seconds (process running for 9.632)
2022-12-09 13:06:01.791 [http-nio-8080-exec-2] INFO  o.a.c.c.C.[.[localhost].[/](173) -  Initializing Spring DispatcherServlet 'dispatcherServlet'
2022-12-09 13:06:01.792 [http-nio-8080-exec-2] INFO  o.s.w.s.DispatcherServlet(525) -  Initializing Servlet 'dispatcherServlet'
2022-12-09 13:06:01.795 [http-nio-8080-exec-2] INFO  o.s.w.s.DispatcherServlet(547) -  Completed initialization in 2 ms
2022-12-09 13:06:01.899 [http-nio-8080-exec-2] ERROR o.a.c.c.C.[.[.[.[dispatcherServlet](175) -  Servlet.service() for servlet [dispatcherServlet] in context with path [] threw exception [Request processing failed: java.lang.IllegalArgumentException: Cannot find cache named 'listDaily' for Builder[public com.dev.reportgenerator.response.ReportResponse com.dev.reportgenerator.service.Ipmlservice.SummaryDailyServiceIplm.getListDaily(java.lang.String,java.lang.String,java.lang.String) throws com.dev.reportgenerator.exceptionhandler.CustomExceptionNotFound,java.text.ParseException] caches=[listDaily] | key='' | keyGenerator='' | cacheManager='' | cacheResolver='' | condition='' | unless='' | sync='false'] with root cause
java.lang.IllegalArgumentException: Cannot find cache named 'listDaily' for Builder[public com.dev.reportgenerator.response.ReportResponse com.dev.reportgenerator.service.Ipmlservice.SummaryDailyServiceIplm.getListDaily(java.lang.String,java.lang.String,java.lang.String) throws com.dev.reportgenerator.exceptionhandler.CustomExceptionNotFound,java.text.ParseException] caches=[listDaily] | key='' | keyGenerator='' | cacheManager='' | cacheResolver='' | condition='' | unless='' | sync='false'
	at org.springframework.cache.interceptor.AbstractCacheResolver.resolveCaches(AbstractCacheResolver.java:92)
	at org.springframework.cache.interceptor.CacheAspectSupport.getCaches(CacheAspectSupport.java:252)
	at org.springframework.cache.interceptor.CacheAspectSupport$CacheOperationContext.<init>(CacheAspectSupport.java:724)
	at org.springframework.cache.interceptor.CacheAspectSupport.getOperationContext(CacheAspectSupport.java:265)
	at org.springframework.cache.interceptor.CacheAspectSupport$CacheOperationContexts.<init>(CacheAspectSupport.java:615)
	at org.springframework.cache.interceptor.CacheAspectSupport.execute(CacheAspectSupport.java:345)
	at org.springframework.cache.interceptor.CacheInterceptor.invoke(CacheInterceptor.java:64)
	at org.springframework.aop.framework.ReflectiveMethodInvocation.proceed(ReflectiveMethodInvocation.java:184)
	at org.springframework.aop.framework.CglibAopProxy$CglibMethodInvocation.proceed(CglibAopProxy.java:752)
	at org.springframework.aop.framework.CglibAopProxy$DynamicAdvisedInterceptor.intercept(CglibAopProxy.java:703)
	at com.dev.reportgenerator.service.Ipmlservice.SummaryDailyServiceIplm$$SpringCGLIB$$0.getListDaily(<generated>)
	at com.dev.reportgenerator.controller.ReportGeneratorController.getDataDaily(ReportGeneratorController.java:29)
	at java.base/jdk.internal.reflect.DirectMethodHandleAccessor.invoke(DirectMethodHandleAccessor.java:104)
	at java.base/java.lang.reflect.Method.invoke(Method.java:577)
	at org.springframework.web.method.support.InvocableHandlerMethod.doInvoke(InvocableHandlerMethod.java:207)
	at org.springframework.web.method.support.InvocableHandlerMethod.invokeForRequest(InvocableHandlerMethod.java:152)
	at org.springframework.web.servlet.mvc.method.annotation.ServletInvocableHandlerMethod.invokeAndHandle(ServletInvocableHandlerMethod.java:117)
	at org.springframework.web.servlet.mvc.method.annotation.RequestMappingHandlerAdapter.invokeHandlerMethod(RequestMappingHandlerAdapter.java:884)
	at org.springframework.web.servlet.mvc.method.annotation.RequestMappingHandlerAdapter.handleInternal(RequestMappingHandlerAdapter.java:797)
	at org.springframework.web.servlet.mvc.method.AbstractHandlerMethodAdapter.handle(AbstractHandlerMethodAdapter.java:87)
	at org.springframework.web.servlet.DispatcherServlet.doDispatch(DispatcherServlet.java:1080)
	at org.springframework.web.servlet.DispatcherServlet.doService(DispatcherServlet.java:973)
	at org.springframework.web.servlet.FrameworkServlet.processRequest(FrameworkServlet.java:1003)
	at org.springframework.web.servlet.FrameworkServlet.doGet(FrameworkServlet.java:895)
	at jakarta.servlet.http.HttpServlet.service(HttpServlet.java:705)
	at org.springframework.web.servlet.FrameworkServlet.service(FrameworkServlet.java:880)
	at jakarta.servlet.http.HttpServlet.service(HttpServlet.java:814)
	at org.apache.catalina.core.ApplicationFilterChain.internalDoFilter(ApplicationFilterChain.java:223)
	at org.apache.catalina.core.ApplicationFilterChain.doFilter(ApplicationFilterChain.java:158)
	at org.apache.tomcat.websocket.server.WsFilter.doFilter(WsFilter.java:53)
	at org.apache.catalina.core.ApplicationFilterChain.internalDoFilter(ApplicationFilterChain.java:185)
	at org.apache.catalina.core.ApplicationFilterChain.doFilter(ApplicationFilterChain.java:158)
	at org.springframework.web.filter.RequestContextFilter.doFilterInternal(RequestContextFilter.java:100)
	at org.springframework.web.filter.OncePerRequestFilter.doFilter(OncePerRequestFilter.java:116)
	at org.apache.catalina.core.ApplicationFilterChain.internalDoFilter(ApplicationFilterChain.java:185)
	at org.apache.catalina.core.ApplicationFilterChain.doFilter(ApplicationFilterChain.java:158)
	at org.springframework.web.filter.FormContentFilter.doFilterInternal(FormContentFilter.java:93)
	at org.springframework.web.filter.OncePerRequestFilter.doFilter(OncePerRequestFilter.java:116)
	at org.apache.catalina.core.ApplicationFilterChain.internalDoFilter(ApplicationFilterChain.java:185)
	at org.apache.catalina.core.ApplicationFilterChain.doFilter(ApplicationFilterChain.java:158)
	at org.springframework.web.filter.CharacterEncodingFilter.doFilterInternal(CharacterEncodingFilter.java:201)
	at org.springframework.web.filter.OncePerRequestFilter.doFilter(OncePerRequestFilter.java:116)
	at org.apache.catalina.core.ApplicationFilterChain.internalDoFilter(ApplicationFilterChain.java:185)
	at org.apache.catalina.core.ApplicationFilterChain.doFilter(ApplicationFilterChain.java:158)
	at org.apache.catalina.core.StandardWrapperValve.invoke(StandardWrapperValve.java:197)
	at org.apache.catalina.core.StandardContextValve.invoke(StandardContextValve.java:97)
	at org.apache.catalina.authenticator.AuthenticatorBase.invoke(AuthenticatorBase.java:542)
	at org.apache.catalina.core.StandardHostValve.invoke(StandardHostValve.java:119)
	at org.apache.catalina.valves.ErrorReportValve.invoke(ErrorReportValve.java:92)
	at org.apache.catalina.core.StandardEngineValve.invoke(StandardEngineValve.java:78)
	at org.apache.catalina.connector.CoyoteAdapter.service(CoyoteAdapter.java:357)
	at org.apache.coyote.http11.Http11Processor.service(Http11Processor.java:400)
	at org.apache.coyote.AbstractProcessorLight.process(AbstractProcessorLight.java:65)
	at org.apache.coyote.AbstractProtocol$ConnectionHandler.process(AbstractProtocol.java:861)
	at org.apache.tomcat.util.net.NioEndpoint$SocketProcessor.doRun(NioEndpoint.java:1739)
	at org.apache.tomcat.util.net.SocketProcessorBase.run(SocketProcessorBase.java:52)
	at org.apache.tomcat.util.threads.ThreadPoolExecutor.runWorker(ThreadPoolExecutor.java:1191)
	at org.apache.tomcat.util.threads.ThreadPoolExecutor$Worker.run(ThreadPoolExecutor.java:659)
	at org.apache.tomcat.util.threads.TaskThread$WrappingRunnable.run(TaskThread.java:61)
	at java.base/java.lang.Thread.run(Thread.java:833)
2022-12-09 13:06:15.164 [SpringApplicationShutdownHook] INFO  o.s.o.j.LocalContainerEntityManagerFactoryBean(650) -  Closing JPA EntityManagerFactory for persistence unit 'default'
2022-12-09 13:06:15.164 [SpringApplicationShutdownHook] INFO  c.z.hikari.HikariDataSource(350) -  HikariPool-1 - Shutdown initiated...
2022-12-09 13:06:15.179 [SpringApplicationShutdownHook] INFO  c.z.hikari.HikariDataSource(352) -  HikariPool-1 - Shutdown completed.
2022-12-09 13:06:35.335 [background-preinit] INFO  o.h.v.internal.util.Version(21) -  HV000001: Hibernate Validator 8.0.0.Final
2022-12-09 13:06:35.402 [restartedMain] INFO  com.dev.reportgenerator.Main(51) -  Starting Main using Java 18.0.2 with PID 11076 (C:\Users\Administrator\Desktop\report-generator\target\classes started by Administrator in C:\Users\Administrator\Desktop\report-generator)
2022-12-09 13:06:35.402 [restartedMain] INFO  com.dev.reportgenerator.Main(630) -  No active profile set, falling back to 1 default profile: "default"
2022-12-09 13:06:35.482 [restartedMain] INFO  o.s.b.d.e.DevToolsPropertyDefaultsPostProcessor(250) -  Devtools property defaults active! Set 'spring.devtools.add-properties' to 'false' to disable
2022-12-09 13:06:35.482 [restartedMain] INFO  o.s.b.d.e.DevToolsPropertyDefaultsPostProcessor(250) -  For additional web related logging consider setting the 'logging.level.web' property to 'DEBUG'
2022-12-09 13:06:36.955 [restartedMain] INFO  o.s.d.r.c.RepositoryConfigurationDelegate(138) -  Bootstrapping Spring Data JPA repositories in DEFAULT mode.
2022-12-09 13:06:37.049 [restartedMain] INFO  o.s.d.r.c.RepositoryConfigurationDelegate(208) -  Finished Spring Data repository scanning in 74 ms. Found 2 JPA repository interfaces.
2022-12-09 13:06:37.955 [restartedMain] INFO  o.s.b.w.e.t.TomcatWebServer(114) -  Tomcat initialized with port(s): 8080 (http)
2022-12-09 13:06:37.971 [restartedMain] INFO  o.a.c.http11.Http11NioProtocol(173) -  Initializing ProtocolHandler ["http-nio-8080"]
2022-12-09 13:06:37.971 [restartedMain] INFO  o.a.c.core.StandardService(173) -  Starting service [Tomcat]
2022-12-09 13:06:37.971 [restartedMain] INFO  o.a.c.core.StandardEngine(173) -  Starting Servlet engine: [Apache Tomcat/10.1.1]
2022-12-09 13:06:38.099 [restartedMain] INFO  o.a.c.c.C.[.[localhost].[/](173) -  Initializing Spring embedded WebApplicationContext
2022-12-09 13:06:38.099 [restartedMain] INFO  o.s.b.w.s.c.ServletWebServerApplicationContext(291) -  Root WebApplicationContext: initialization completed in 2617 ms
2022-12-09 13:06:38.433 [restartedMain] INFO  o.f.c.i.license.VersionPrinter(37) -  Flyway Community Edition 9.5.1 by Redgate
2022-12-09 13:06:38.433 [restartedMain] INFO  o.f.c.i.license.VersionPrinter(37) -  See what's new here: https://flywaydb.org/documentation/learnmore/releaseNotes#9.5.1
2022-12-09 13:06:38.433 [restartedMain] INFO  o.f.c.i.license.VersionPrinter(37) -  
2022-12-09 13:06:38.449 [restartedMain] INFO  o.f.c.i.r.ResourceNameValidator(37) -  1 SQL migrations were detected but not run because they did not follow the filename convention.
2022-12-09 13:06:38.449 [restartedMain] INFO  o.f.c.i.r.ResourceNameValidator(37) -  If this is in error, enable debug logging or 'validateMigrationNaming' to fail fast and see a list of the invalid file names.
2022-12-09 13:06:38.449 [restartedMain] INFO  c.z.hikari.HikariDataSource(110) -  HikariPool-1 - Starting...
2022-12-09 13:06:38.633 [restartedMain] INFO  c.z.hikari.pool.HikariPool(565) -  HikariPool-1 - Added connection com.mysql.cj.jdbc.ConnectionImpl@7bc2ef21
2022-12-09 13:06:38.648 [restartedMain] INFO  c.z.hikari.HikariDataSource(123) -  HikariPool-1 - Start completed.
2022-12-09 13:06:38.648 [restartedMain] INFO  o.f.c.i.d.b.BaseDatabaseType(37) -  Database: jdbc:mysql://localhost:3306/report_generator (MySQL 5.5)
2022-12-09 13:06:38.742 [restartedMain] INFO  o.f.c.i.command.DbValidate(37) -  Successfully validated 1 migration (execution time 00:00.021s)
2022-12-09 13:06:38.758 [restartedMain] INFO  o.f.c.i.command.DbMigrate(37) -  Current version of schema `public`: null
2022-12-09 13:06:38.758 [restartedMain] INFO  o.f.c.i.command.DbMigrate(37) -  Schema `public` is up to date. No migration necessary.
2022-12-09 13:06:38.901 [restartedMain] INFO  o.h.j.internal.util.LogHelper(31) -  HHH000204: Processing PersistenceUnitInfo [name: default]
2022-12-09 13:06:38.979 [restartedMain] INFO  org.hibernate.Version(44) -  HHH000412: Hibernate ORM core version 6.1.5.Final
2022-12-09 13:06:39.215 [restartedMain] WARN  org.hibernate.orm.deprecation(626) -  HHH90000021: Encountered deprecated setting [javax.persistence.sharedCache.mode], use [jakarta.persistence.sharedCache.mode] instead
2022-12-09 13:06:39.434 [restartedMain] INFO  SQL dialect(66) -  HHH000400: Using dialect: org.hibernate.dialect.MySQLDialect
2022-12-09 13:06:40.200 [restartedMain] INFO  o.h.e.t.j.p.i.JtaPlatformInitiator(51) -  HHH000490: Using JtaPlatform implementation: [org.hibernate.engine.transaction.jta.platform.internal.NoJtaPlatform]
2022-12-09 13:06:40.200 [restartedMain] INFO  o.s.o.j.LocalContainerEntityManagerFactoryBean(437) -  Initialized JPA EntityManagerFactory for persistence unit 'default'
2022-12-09 13:06:41.694 [restartedMain] WARN  o.s.b.a.o.j.JpaBaseConfiguration$JpaWebConfiguration(227) -  spring.jpa.open-in-view is enabled by default. Therefore, database queries may be performed during view rendering. Explicitly configure spring.jpa.open-in-view to disable this warning
2022-12-09 13:06:42.147 [restartedMain] INFO  o.s.b.d.a.OptionalLiveReloadServer(59) -  LiveReload server is running on port 35729
2022-12-09 13:06:42.162 [restartedMain] INFO  o.a.c.http11.Http11NioProtocol(173) -  Starting ProtocolHandler ["http-nio-8080"]
2022-12-09 13:06:42.194 [restartedMain] INFO  o.s.b.w.e.t.TomcatWebServer(226) -  Tomcat started on port(s): 8080 (http) with context path ''
2022-12-09 13:06:42.209 [restartedMain] INFO  com.dev.reportgenerator.Main(57) -  Started Main in 7.367 seconds (process running for 8.968)
2022-12-09 13:06:45.460 [http-nio-8080-exec-1] INFO  o.a.c.c.C.[.[localhost].[/](173) -  Initializing Spring DispatcherServlet 'dispatcherServlet'
2022-12-09 13:06:45.460 [http-nio-8080-exec-1] INFO  o.s.w.s.DispatcherServlet(525) -  Initializing Servlet 'dispatcherServlet'
2022-12-09 13:06:45.462 [http-nio-8080-exec-1] INFO  o.s.w.s.DispatcherServlet(547) -  Completed initialization in 1 ms
2022-12-09 13:06:45.700 [http-nio-8080-exec-1] INFO  c.d.r.s.I.SummaryDailyServiceIplm(70) -  The loop used up :38 milisec
2022-12-09 13:06:45.704 [http-nio-8080-exec-1] INFO  c.d.r.s.I.SummaryDailyServiceIplm(127) -  The stream used up :3419 milisec
2022-12-09 13:07:01.673 [http-nio-8080-exec-4] INFO  c.d.r.s.I.SummaryDailyServiceIplm(70) -  The loop used up :17 milisec
2022-12-09 13:07:01.673 [http-nio-8080-exec-4] INFO  c.d.r.s.I.SummaryDailyServiceIplm(127) -  The stream used up :35 milisec
2022-12-09 13:07:14.978 [http-nio-8080-exec-5] INFO  c.d.r.s.I.SummaryDailyServiceIplm(70) -  The loop used up :109 milisec
2022-12-09 13:07:14.979 [http-nio-8080-exec-5] INFO  c.d.r.s.I.SummaryDailyServiceIplm(127) -  The stream used up :78 milisec
2022-12-09 13:07:31.270 [http-nio-8080-exec-7] INFO  c.d.r.s.I.SummaryDailyServiceIplm(70) -  The loop used up :26 milisec
2022-12-09 13:07:31.272 [http-nio-8080-exec-7] INFO  c.d.r.s.I.SummaryDailyServiceIplm(127) -  The stream used up :120 milisec
2022-12-09 13:07:48.657 [http-nio-8080-exec-10] INFO  c.d.r.s.I.SummaryDailyServiceIplm(70) -  The loop used up :20 milisec
2022-12-09 13:07:48.659 [http-nio-8080-exec-10] INFO  c.d.r.s.I.SummaryDailyServiceIplm(127) -  The stream used up :45 milisec
2022-12-09 13:07:59.501 [http-nio-8080-exec-2] INFO  c.d.r.s.I.SummaryDailyServiceIplm(70) -  The loop used up :17 milisec
2022-12-09 13:07:59.501 [http-nio-8080-exec-2] INFO  c.d.r.s.I.SummaryDailyServiceIplm(127) -  The stream used up :38 milisec
2022-12-09 13:08:09.314 [SpringApplicationShutdownHook] INFO  o.s.o.j.LocalContainerEntityManagerFactoryBean(650) -  Closing JPA EntityManagerFactory for persistence unit 'default'
2022-12-09 13:08:09.346 [SpringApplicationShutdownHook] INFO  c.z.hikari.HikariDataSource(350) -  HikariPool-1 - Shutdown initiated...
2022-12-09 13:08:09.377 [SpringApplicationShutdownHook] INFO  c.z.hikari.HikariDataSource(352) -  HikariPool-1 - Shutdown completed.
2022-12-09 13:08:50.327 [background-preinit] INFO  o.h.v.internal.util.Version(21) -  HV000001: Hibernate Validator 8.0.0.Final
2022-12-09 13:08:50.373 [restartedMain] INFO  com.dev.reportgenerator.Main(51) -  Starting Main using Java 18.0.2 with PID 8380 (C:\Users\Administrator\Desktop\report-generator\target\classes started by Administrator in C:\Users\Administrator\Desktop\report-generator)
2022-12-09 13:08:50.373 [restartedMain] INFO  com.dev.reportgenerator.Main(630) -  No active profile set, falling back to 1 default profile: "default"
2022-12-09 13:08:50.456 [restartedMain] INFO  o.s.b.d.e.DevToolsPropertyDefaultsPostProcessor(250) -  Devtools property defaults active! Set 'spring.devtools.add-properties' to 'false' to disable
2022-12-09 13:08:50.456 [restartedMain] INFO  o.s.b.d.e.DevToolsPropertyDefaultsPostProcessor(250) -  For additional web related logging consider setting the 'logging.level.web' property to 'DEBUG'
2022-12-09 13:08:51.517 [restartedMain] INFO  o.s.d.r.c.RepositoryConfigurationDelegate(138) -  Bootstrapping Spring Data JPA repositories in DEFAULT mode.
2022-12-09 13:08:51.611 [restartedMain] INFO  o.s.d.r.c.RepositoryConfigurationDelegate(208) -  Finished Spring Data repository scanning in 74 ms. Found 2 JPA repository interfaces.
2022-12-09 13:08:52.447 [restartedMain] INFO  o.s.b.w.e.t.TomcatWebServer(114) -  Tomcat initialized with port(s): 8080 (http)
2022-12-09 13:08:52.447 [restartedMain] INFO  o.a.c.http11.Http11NioProtocol(173) -  Initializing ProtocolHandler ["http-nio-8080"]
2022-12-09 13:08:52.447 [restartedMain] INFO  o.a.c.core.StandardService(173) -  Starting service [Tomcat]
2022-12-09 13:08:52.447 [restartedMain] INFO  o.a.c.core.StandardEngine(173) -  Starting Servlet engine: [Apache Tomcat/10.1.1]
2022-12-09 13:08:52.525 [restartedMain] INFO  o.a.c.c.C.[.[localhost].[/](173) -  Initializing Spring embedded WebApplicationContext
2022-12-09 13:08:52.525 [restartedMain] INFO  o.s.b.w.s.c.ServletWebServerApplicationContext(291) -  Root WebApplicationContext: initialization completed in 2069 ms
2022-12-09 13:08:52.713 [restartedMain] INFO  o.f.c.i.license.VersionPrinter(37) -  Flyway Community Edition 9.5.1 by Redgate
2022-12-09 13:08:52.713 [restartedMain] INFO  o.f.c.i.license.VersionPrinter(37) -  See what's new here: https://flywaydb.org/documentation/learnmore/releaseNotes#9.5.1
2022-12-09 13:08:52.713 [restartedMain] INFO  o.f.c.i.license.VersionPrinter(37) -  
2022-12-09 13:08:52.729 [restartedMain] INFO  o.f.c.i.r.ResourceNameValidator(37) -  1 SQL migrations were detected but not run because they did not follow the filename convention.
2022-12-09 13:08:52.729 [restartedMain] INFO  o.f.c.i.r.ResourceNameValidator(37) -  If this is in error, enable debug logging or 'validateMigrationNaming' to fail fast and see a list of the invalid file names.
2022-12-09 13:08:52.729 [restartedMain] INFO  c.z.hikari.HikariDataSource(110) -  HikariPool-1 - Starting...
2022-12-09 13:08:52.885 [restartedMain] INFO  c.z.hikari.pool.HikariPool(565) -  HikariPool-1 - Added connection com.mysql.cj.jdbc.ConnectionImpl@4e1ed693
2022-12-09 13:08:52.900 [restartedMain] INFO  c.z.hikari.HikariDataSource(123) -  HikariPool-1 - Start completed.
2022-12-09 13:08:52.916 [restartedMain] INFO  o.f.c.i.d.b.BaseDatabaseType(37) -  Database: jdbc:mysql://localhost:3306/report_generator (MySQL 5.5)
2022-12-09 13:08:53.010 [restartedMain] INFO  o.f.c.i.command.DbValidate(37) -  Successfully validated 1 migration (execution time 00:00.019s)
2022-12-09 13:08:53.025 [restartedMain] INFO  o.f.c.i.command.DbMigrate(37) -  Current version of schema `public`: null
2022-12-09 13:08:53.025 [restartedMain] INFO  o.f.c.i.command.DbMigrate(37) -  Schema `public` is up to date. No migration necessary.
2022-12-09 13:08:53.135 [restartedMain] INFO  o.h.j.internal.util.LogHelper(31) -  HHH000204: Processing PersistenceUnitInfo [name: default]
2022-12-09 13:08:53.213 [restartedMain] INFO  org.hibernate.Version(44) -  HHH000412: Hibernate ORM core version 6.1.5.Final
2022-12-09 13:08:53.400 [restartedMain] WARN  org.hibernate.orm.deprecation(626) -  HHH90000021: Encountered deprecated setting [javax.persistence.sharedCache.mode], use [jakarta.persistence.sharedCache.mode] instead
2022-12-09 13:08:53.588 [restartedMain] INFO  SQL dialect(66) -  HHH000400: Using dialect: org.hibernate.dialect.MySQLDialect
2022-12-09 13:08:54.338 [restartedMain] INFO  o.h.e.t.j.p.i.JtaPlatformInitiator(51) -  HHH000490: Using JtaPlatform implementation: [org.hibernate.engine.transaction.jta.platform.internal.NoJtaPlatform]
2022-12-09 13:08:54.353 [restartedMain] INFO  o.s.o.j.LocalContainerEntityManagerFactoryBean(437) -  Initialized JPA EntityManagerFactory for persistence unit 'default'
2022-12-09 13:08:55.150 [restartedMain] WARN  o.s.b.a.o.j.JpaBaseConfiguration$JpaWebConfiguration(227) -  spring.jpa.open-in-view is enabled by default. Therefore, database queries may be performed during view rendering. Explicitly configure spring.jpa.open-in-view to disable this warning
2022-12-09 13:08:55.588 [restartedMain] INFO  o.s.b.d.a.OptionalLiveReloadServer(59) -  LiveReload server is running on port 35729
2022-12-09 13:08:55.619 [restartedMain] INFO  o.a.c.http11.Http11NioProtocol(173) -  Starting ProtocolHandler ["http-nio-8080"]
2022-12-09 13:08:55.635 [restartedMain] INFO  o.s.b.w.e.t.TomcatWebServer(226) -  Tomcat started on port(s): 8080 (http) with context path ''
2022-12-09 13:08:55.650 [restartedMain] INFO  com.dev.reportgenerator.Main(57) -  Started Main in 5.823 seconds (process running for 7.371)
2022-12-09 13:09:18.090 [http-nio-8080-exec-2] INFO  o.a.c.c.C.[.[localhost].[/](173) -  Initializing Spring DispatcherServlet 'dispatcherServlet'
2022-12-09 13:09:18.091 [http-nio-8080-exec-2] INFO  o.s.w.s.DispatcherServlet(525) -  Initializing Servlet 'dispatcherServlet'
2022-12-09 13:09:18.092 [http-nio-8080-exec-2] INFO  o.s.w.s.DispatcherServlet(547) -  Completed initialization in 1 ms
2022-12-09 13:09:18.349 [http-nio-8080-exec-2] INFO  c.d.r.s.I.SummaryDailyServiceIplm(70) -  The loop used up :33 milisec
2022-12-09 13:09:18.353 [http-nio-8080-exec-2] INFO  c.d.r.s.I.SummaryDailyServiceIplm(127) -  The stream used up :3405 milisec
2022-12-09 13:09:44.444 [http-nio-8080-exec-6] INFO  c.d.r.s.I.SummaryDailyServiceIplm(70) -  The loop used up :11 milisec
2022-12-09 13:09:44.444 [http-nio-8080-exec-6] INFO  c.d.r.s.I.SummaryDailyServiceIplm(127) -  The stream used up :27 milisec
2022-12-09 13:10:14.221 [SpringApplicationShutdownHook] INFO  o.s.o.j.LocalContainerEntityManagerFactoryBean(650) -  Closing JPA EntityManagerFactory for persistence unit 'default'
2022-12-09 13:10:14.237 [SpringApplicationShutdownHook] INFO  c.z.hikari.HikariDataSource(350) -  HikariPool-1 - Shutdown initiated...
2022-12-09 13:10:14.237 [SpringApplicationShutdownHook] INFO  c.z.hikari.HikariDataSource(352) -  HikariPool-1 - Shutdown completed.
2022-12-09 22:21:52.482 [background-preinit] INFO  o.h.v.internal.util.Version(21) -  HV000001: Hibernate Validator 8.0.0.Final
2022-12-09 22:21:52.617 [restartedMain] INFO  com.dev.reportgenerator.Main(51) -  Starting Main using Java 18.0.2 with PID 11320 (C:\Users\Administrator\Desktop\report-generator\target\classes started by Administrator in C:\Users\Administrator\Desktop\report-generator)
2022-12-09 22:21:52.620 [restartedMain] INFO  com.dev.reportgenerator.Main(630) -  No active profile set, falling back to 1 default profile: "default"
2022-12-09 22:21:53.106 [restartedMain] INFO  o.s.b.d.e.DevToolsPropertyDefaultsPostProcessor(250) -  Devtools property defaults active! Set 'spring.devtools.add-properties' to 'false' to disable
2022-12-09 22:21:53.107 [restartedMain] INFO  o.s.b.d.e.DevToolsPropertyDefaultsPostProcessor(250) -  For additional web related logging consider setting the 'logging.level.web' property to 'DEBUG'
2022-12-09 22:21:54.792 [restartedMain] INFO  o.s.d.r.c.RepositoryConfigurationDelegate(138) -  Bootstrapping Spring Data JPA repositories in DEFAULT mode.
2022-12-09 22:21:54.911 [restartedMain] INFO  o.s.d.r.c.RepositoryConfigurationDelegate(208) -  Finished Spring Data repository scanning in 104 ms. Found 2 JPA repository interfaces.
2022-12-09 22:21:55.832 [restartedMain] INFO  o.s.b.w.e.t.TomcatWebServer(114) -  Tomcat initialized with port(s): 8080 (http)
2022-12-09 22:21:55.843 [restartedMain] INFO  o.a.c.http11.Http11NioProtocol(173) -  Initializing ProtocolHandler ["http-nio-8080"]
2022-12-09 22:21:55.844 [restartedMain] INFO  o.a.c.core.StandardService(173) -  Starting service [Tomcat]
2022-12-09 22:21:55.845 [restartedMain] INFO  o.a.c.core.StandardEngine(173) -  Starting Servlet engine: [Apache Tomcat/10.1.1]
2022-12-09 22:21:55.978 [restartedMain] INFO  o.a.c.c.C.[.[localhost].[/](173) -  Initializing Spring embedded WebApplicationContext
2022-12-09 22:21:55.979 [restartedMain] INFO  o.s.b.w.s.c.ServletWebServerApplicationContext(291) -  Root WebApplicationContext: initialization completed in 2869 ms
2022-12-09 22:21:56.325 [restartedMain] INFO  o.f.c.i.license.VersionPrinter(37) -  Flyway Community Edition 9.5.1 by Redgate
2022-12-09 22:21:56.326 [restartedMain] INFO  o.f.c.i.license.VersionPrinter(37) -  See what's new here: https://flywaydb.org/documentation/learnmore/releaseNotes#9.5.1
2022-12-09 22:21:56.326 [restartedMain] INFO  o.f.c.i.license.VersionPrinter(37) -  
2022-12-09 22:21:56.339 [restartedMain] INFO  o.f.c.i.r.ResourceNameValidator(37) -  1 SQL migrations were detected but not run because they did not follow the filename convention.
2022-12-09 22:21:56.340 [restartedMain] INFO  o.f.c.i.r.ResourceNameValidator(37) -  If this is in error, enable debug logging or 'validateMigrationNaming' to fail fast and see a list of the invalid file names.
2022-12-09 22:21:56.343 [restartedMain] INFO  c.z.hikari.HikariDataSource(110) -  HikariPool-1 - Starting...
2022-12-09 22:21:56.586 [restartedMain] INFO  c.z.hikari.pool.HikariPool(565) -  HikariPool-1 - Added connection com.mysql.cj.jdbc.ConnectionImpl@4e78b664
2022-12-09 22:21:56.593 [restartedMain] INFO  c.z.hikari.HikariDataSource(123) -  HikariPool-1 - Start completed.
2022-12-09 22:21:56.613 [restartedMain] INFO  o.f.c.i.d.b.BaseDatabaseType(37) -  Database: jdbc:mysql://localhost:3306/report_generator (MySQL 5.5)
2022-12-09 22:21:56.886 [restartedMain] INFO  o.f.c.i.command.DbValidate(37) -  Successfully validated 1 migration (execution time 00:00.100s)
2022-12-09 22:21:56.921 [restartedMain] INFO  o.f.c.i.command.DbMigrate(37) -  Current version of schema `public`: null
2022-12-09 22:21:56.925 [restartedMain] INFO  o.f.c.i.command.DbMigrate(37) -  Schema `public` is up to date. No migration necessary.
2022-12-09 22:21:57.069 [restartedMain] INFO  o.h.j.internal.util.LogHelper(31) -  HHH000204: Processing PersistenceUnitInfo [name: default]
2022-12-09 22:21:57.180 [restartedMain] INFO  org.hibernate.Version(44) -  HHH000412: Hibernate ORM core version 6.1.5.Final
2022-12-09 22:21:57.417 [restartedMain] WARN  org.hibernate.orm.deprecation(626) -  HHH90000021: Encountered deprecated setting [javax.persistence.sharedCache.mode], use [jakarta.persistence.sharedCache.mode] instead
2022-12-09 22:21:57.761 [restartedMain] INFO  SQL dialect(66) -  HHH000400: Using dialect: org.hibernate.dialect.MySQLDialect
2022-12-09 22:21:58.595 [restartedMain] INFO  o.h.e.t.j.p.i.JtaPlatformInitiator(51) -  HHH000490: Using JtaPlatform implementation: [org.hibernate.engine.transaction.jta.platform.internal.NoJtaPlatform]
2022-12-09 22:21:58.611 [restartedMain] INFO  o.s.o.j.LocalContainerEntityManagerFactoryBean(437) -  Initialized JPA EntityManagerFactory for persistence unit 'default'
2022-12-09 22:21:59.893 [restartedMain] WARN  o.s.b.a.o.j.JpaBaseConfiguration$JpaWebConfiguration(227) -  spring.jpa.open-in-view is enabled by default. Therefore, database queries may be performed during view rendering. Explicitly configure spring.jpa.open-in-view to disable this warning
2022-12-09 22:22:00.495 [restartedMain] INFO  o.s.b.d.a.OptionalLiveReloadServer(59) -  LiveReload server is running on port 35729
2022-12-09 22:22:00.532 [restartedMain] INFO  o.a.c.http11.Http11NioProtocol(173) -  Starting ProtocolHandler ["http-nio-8080"]
2022-12-09 22:22:00.563 [restartedMain] INFO  o.s.b.w.e.t.TomcatWebServer(226) -  Tomcat started on port(s): 8080 (http) with context path ''
2022-12-09 22:22:00.575 [restartedMain] INFO  com.dev.reportgenerator.Main(57) -  Started Main in 8.761 seconds (process running for 13.104)
2022-12-09 22:23:04.496 [http-nio-8080-exec-1] INFO  o.a.c.c.C.[.[localhost].[/](173) -  Initializing Spring DispatcherServlet 'dispatcherServlet'
2022-12-09 22:23:04.497 [http-nio-8080-exec-1] INFO  o.s.w.s.DispatcherServlet(525) -  Initializing Servlet 'dispatcherServlet'
2022-12-09 22:23:04.499 [http-nio-8080-exec-1] INFO  o.s.w.s.DispatcherServlet(547) -  Completed initialization in 2 ms
2022-12-09 22:23:04.807 [http-nio-8080-exec-1] INFO  c.d.r.s.I.SummaryDailyServiceIplm(71) -  The loop used up :30 milisec
2022-12-09 22:23:04.815 [http-nio-8080-exec-1] INFO  c.d.r.s.I.SummaryDailyServiceIplm(126) -  The stream used up :5377 milisec
2022-12-09 22:23:33.404 [http-nio-8080-exec-5] INFO  c.d.r.s.I.SummaryDailyServiceIplm(71) -  The loop used up :34 milisec
2022-12-09 22:23:33.429 [http-nio-8080-exec-5] INFO  c.d.r.s.I.SummaryDailyServiceIplm(126) -  The stream used up :2471 milisec
2022-12-09 22:24:03.051 [SpringApplicationShutdownHook] INFO  o.s.o.j.LocalContainerEntityManagerFactoryBean(650) -  Closing JPA EntityManagerFactory for persistence unit 'default'
2022-12-09 22:24:03.085 [SpringApplicationShutdownHook] INFO  c.z.hikari.HikariDataSource(350) -  HikariPool-1 - Shutdown initiated...
2022-12-09 22:24:03.117 [SpringApplicationShutdownHook] INFO  c.z.hikari.HikariDataSource(352) -  HikariPool-1 - Shutdown completed.
